2018-04-12 14:55:38,347 - FPGrowth - DEBUG - __init__(self = <fpgrowth.FPGrowth instance at 0x103507638>  input_file = Dress_AttributeDataSet.csv ,  min_sup = 2
2018-04-12 14:55:38,355 - FPGrowth - DEBUG - shape :  (5, 15)
2018-04-12 14:55:38,355 - FPGrowth - DEBUG - frequent_itemset(self = <fpgrowth.FPGrowth instance at 0x103507638> )
2018-04-12 14:55:38,355 - FPGrowth - INFO - Generate items freq table.
2018-04-12 14:55:38,368 - FPGrowth - INFO - Items with frequency more than min_sup : 2.
2018-04-12 14:55:38,368 - FPGrowth - INFO - {'summer': 3, 'natural': 4, 'chiffon': 3, 'o-neck': 5, 'l': 3, 'low': 3}
2018-04-12 14:55:38,368 - FPGrowth - INFO - Ordered item set : 
2018-04-12 14:55:38,368 - FPGrowth - INFO - [('summer', 3), ('chiffon', 3), ('l', 3), ('low', 3), ('natural', 4), ('o-neck', 5)]
2018-04-12 14:55:38,368 - FPGrowth - INFO - Items :
2018-04-12 14:55:38,368 - FPGrowth - DEBUG - ['o-neck', 'natural', 'low', 'l', 'chiffon', 'summer']
2018-04-12 14:55:38,368 - FPGrowth - DEBUG - ['o-neck', 'natural', 'low', 'l', 'chiffon', 'summer']
2018-04-12 14:55:38,368 - FPGrowth - DEBUG - ***********************
2018-04-12 14:55:38,369 - FPGrowth - DEBUG - (0, Unnamed: 0                 0
Dress_ID          1006032852
Style                   sexy
Price                    low
Rating                   4.6
Size                       m
Season                summer
NeckLine              o-neck
SleeveLength       sleevless
waiseline             empire
Material                null
FabricType           chiffon
Decoration           ruffles
Pattern Type          animal
Recommendation             1
Name: 0, dtype: object)
2018-04-12 14:55:38,377 - FPGrowth - DEBUG - ['o-neck', 'low', 'chiffon', 'summer']
2018-04-12 14:55:38,377 - FPGrowth - DEBUG - ***********************
2018-04-12 14:55:38,378 - FPGrowth - DEBUG - (1, Unnamed: 0                 1
Dress_ID          1212192089
Style                 casual
Price                    low
Rating                     0
Size                       l
Season                summer
NeckLine              o-neck
SleeveLength           petal
waiseline            natural
Material          microfiber
FabricType              null
Decoration           ruffles
Pattern Type          animal
Recommendation             0
Name: 1, dtype: object)
2018-04-12 14:55:38,379 - FPGrowth - DEBUG - ['o-neck', 'natural', 'low', 'l', 'summer']
2018-04-12 14:55:38,379 - FPGrowth - DEBUG - ***********************
2018-04-12 14:55:38,380 - FPGrowth - DEBUG - (2, Unnamed: 0                 2
Dress_ID          1190380701
Style                vintage
Price                   high
Rating                     0
Size                       l
Season                automn
NeckLine              o-neck
SleeveLength            full
waiseline            natural
Material            polyster
FabricType              null
Decoration              null
Pattern Type           print
Recommendation             0
Name: 2, dtype: object)
2018-04-12 14:55:38,382 - FPGrowth - DEBUG - ['o-neck', 'natural', 'l']
2018-04-12 14:55:38,382 - FPGrowth - DEBUG - ***********************
2018-04-12 14:55:38,382 - FPGrowth - DEBUG - (3, Unnamed: 0                 3
Dress_ID           966005983
Style                  brief
Price                average
Rating                   4.6
Size                       l
Season                spring
NeckLine              o-neck
SleeveLength            full
waiseline            natural
Material                silk
FabricType           chiffon
Decoration        embroidary
Pattern Type           print
Recommendation             1
Name: 3, dtype: object)
2018-04-12 14:55:38,384 - FPGrowth - DEBUG - ['o-neck', 'natural', 'l', 'chiffon']
2018-04-12 14:55:38,384 - FPGrowth - DEBUG - ***********************
2018-04-12 14:55:38,384 - FPGrowth - DEBUG - (4, Unnamed: 0                    4
Dress_ID              876339541
Style                      cute
Price                       low
Rating                      4.5
Size                          m
Season                   summer
NeckLine                 o-neck
SleeveLength          butterfly
waiseline               natural
Material          chiffonfabric
FabricType              chiffon
Decoration                  bow
Pattern Type                dot
Recommendation                0
Name: 4, dtype: object)
2018-04-12 14:55:38,386 - FPGrowth - DEBUG - ['o-neck', 'natural', 'low', 'chiffon', 'summer']
2018-04-12 14:55:38,386 - FPGrowth - DEBUG - ***********************
2018-04-12 14:55:38,386 - FPGrowth - DEBUG - {0: ['o-neck', 'low', 'chiffon', 'summer'], 1: ['o-neck', 'natural', 'low', 'l', 'summer'], 2: ['o-neck', 'natural', 'l'], 3: ['o-neck', 'natural', 'l', 'chiffon'], 4: ['o-neck', 'natural', 'low', 'chiffon', 'summer']}
