2018-04-12 14:44:29,917 - FPGrowth - DEBUG - __init__(self = <fpgrowth.FPGrowth instance at 0x10c3375f0>  input_file = Dress_AttributeDataSet.csv ,  min_sup = 14
2018-04-12 14:44:29,922 - FPGrowth - DEBUG - shape :  (40, 15)
2018-04-12 14:44:29,922 - FPGrowth - DEBUG - frequent_itemset(self = <fpgrowth.FPGrowth instance at 0x10c3375f0> )
2018-04-12 14:44:29,922 - FPGrowth - INFO - Generate items freq table.
2018-04-12 14:44:29,931 - FPGrowth - INFO - Items with frequency more than min_sup : 14.
2018-04-12 14:44:29,931 - FPGrowth - INFO - {'sleevless': 16, 'natural': 21, 'o-neck': 27, 'solid': 15, 'average': 22, 'm': 17, 1: 18, 'low': 15, 'cotton': 15}
2018-04-12 14:44:29,931 - FPGrowth - INFO - Ordered item set : 
2018-04-12 14:44:29,931 - FPGrowth - INFO - [('solid', 15), ('low', 15), ('cotton', 15), ('sleevless', 16), ('m', 17), (1, 18), ('natural', 21), ('average', 22), ('o-neck', 27)]
2018-04-12 14:44:29,931 - FPGrowth - INFO - Items :
2018-04-12 14:44:29,931 - FPGrowth - DEBUG - ['o-neck', 'average', 'natural', 1, 'm', 'sleevless', 'cotton', 'low', 'solid']
2018-04-12 14:44:29,931 - FPGrowth - DEBUG - (0, Unnamed: 0                 0
Dress_ID          1006032852
Style                   sexy
Price                    low
Rating                   4.6
Size                       m
Season                summer
NeckLine              o-neck
SleeveLength       sleevless
waiseline             empire
Material                null
FabricType           chiffon
Decoration           ruffles
Pattern Type          animal
Recommendation             1
Name: 0, dtype: object)
2018-04-12 14:44:29,941 - FPGrowth - DEBUG - (1, Unnamed: 0                 1
Dress_ID          1212192089
Style                 casual
Price                    low
Rating                     0
Size                       l
Season                summer
NeckLine              o-neck
SleeveLength           petal
waiseline            natural
Material          microfiber
FabricType              null
Decoration           ruffles
Pattern Type          animal
Recommendation             0
Name: 1, dtype: object)
2018-04-12 14:44:29,943 - FPGrowth - DEBUG - (2, Unnamed: 0                 2
Dress_ID          1190380701
Style                vintage
Price                   high
Rating                     0
Size                       l
Season                automn
NeckLine              o-neck
SleeveLength            full
waiseline            natural
Material            polyster
FabricType              null
Decoration              null
Pattern Type           print
Recommendation             0
Name: 2, dtype: object)
2018-04-12 14:44:29,945 - FPGrowth - DEBUG - (3, Unnamed: 0                 3
Dress_ID           966005983
Style                  brief
Price                average
Rating                   4.6
Size                       l
Season                spring
NeckLine              o-neck
SleeveLength            full
waiseline            natural
Material                silk
FabricType           chiffon
Decoration        embroidary
Pattern Type           print
Recommendation             1
Name: 3, dtype: object)
2018-04-12 14:44:29,946 - FPGrowth - DEBUG - (4, Unnamed: 0                    4
Dress_ID              876339541
Style                      cute
Price                       low
Rating                      4.5
Size                          m
Season                   summer
NeckLine                 o-neck
SleeveLength          butterfly
waiseline               natural
Material          chiffonfabric
FabricType              chiffon
Decoration                  bow
Pattern Type                dot
Recommendation                0
Name: 4, dtype: object)
2018-04-12 14:44:29,948 - FPGrowth - DEBUG - (5, Unnamed: 0                 5
Dress_ID          1068332458
Style               bohemian
Price                    low
Rating                     0
Size                       m
Season                summer
NeckLine              v-neck
SleeveLength       sleevless
waiseline             empire
Material                null
FabricType              null
Decoration              null
Pattern Type           print
Recommendation             0
Name: 5, dtype: object)
2018-04-12 14:44:29,950 - FPGrowth - DEBUG - (6, Unnamed: 0                 6
Dress_ID          1220707172
Style                 casual
Price                average
Rating                     0
Size                      xl
Season                summer
NeckLine              o-neck
SleeveLength            full
waiseline               null
Material              cotton
FabricType              null
Decoration              null
Pattern Type           solid
Recommendation             0
Name: 6, dtype: object)
2018-04-12 14:44:29,952 - FPGrowth - DEBUG - (7, Unnamed: 0                 7
Dress_ID          1219677488
Style                novelty
Price                average
Rating                     0
Size                    free
Season                automn
NeckLine              o-neck
SleeveLength           short
waiseline            natural
Material            polyster
FabricType        broadcloth
Decoration              lace
Pattern Type            null
Recommendation             0
Name: 7, dtype: object)
2018-04-12 14:44:29,953 - FPGrowth - DEBUG - (8, Unnamed: 0                 8
Dress_ID          1113094204
Style                  flare
Price                average
Rating                     0
Size                    free
Season                spring
NeckLine              v-neck
SleeveLength           short
waiseline             empire
Material              cotton
FabricType        broadcloth
Decoration           beading
Pattern Type           solid
Recommendation             1
Name: 8, dtype: object)
2018-04-12 14:44:29,955 - FPGrowth - DEBUG - (9, Unnamed: 0                9
Dress_ID          985292672
Style              bohemian
Price                   low
Rating                    0
Size                   free
Season               summer
NeckLine             v-neck
SleeveLength      sleevless
waiseline           natural
Material              nylon
FabricType          chiffon
Decoration             null
Pattern Type           null
Recommendation            1
Name: 9, dtype: object)
2018-04-12 14:44:29,957 - FPGrowth - DEBUG - (10, Unnamed: 0                10
Dress_ID          1117293701
Style                  party
Price                average
Rating                     5
Size                    free
Season                summer
NeckLine              o-neck
SleeveLength            full
waiseline            natural
Material            polyster
FabricType        broadcloth
Decoration              lace
Pattern Type           solid
Recommendation             0
Name: 10, dtype: object)
2018-04-12 14:44:29,959 - FPGrowth - DEBUG - (11, Unnamed: 0               11
Dress_ID          898481530
Style                 flare
Price               average
Rating                    0
Size                   free
Season               spring
NeckLine             v-neck
SleeveLength          short
waiseline              null
Material              nylon
FabricType             null
Decoration             null
Pattern Type         animal
Recommendation            0
Name: 11, dtype: object)
2018-04-12 14:44:29,960 - FPGrowth - DEBUG - (12, Unnamed: 0                  12
Dress_ID             957723897
Style                     sexy
Price                      low
Rating                     4.7
Size                         m
Season                  winter
NeckLine                o-neck
SleeveLength      threequarter
waiseline                 null
Material                  null
FabricType             chiffon
Decoration                lace
Pattern Type             print
Recommendation               1
Name: 12, dtype: object)
2018-04-12 14:44:29,962 - FPGrowth - DEBUG - (13, Unnamed: 0               13
Dress_ID          749031896
Style               vintage
Price               average
Rating                  4.8
Size                      m
Season               summer
NeckLine             o-neck
SleeveLength          short
waiseline            empire
Material             cotton
FabricType           jersey
Decoration             null
Pattern Type         animal
Recommendation            1
Name: 13, dtype: object)
2018-04-12 14:44:29,964 - FPGrowth - DEBUG - (14, Unnamed: 0                14
Dress_ID          1055411544
Style                 casual
Price                    low
Rating                     5
Size                       m
Season                summer
NeckLine           boat-neck
SleeveLength           short
waiseline               null
Material              cotton
FabricType              null
Decoration            sashes
Pattern Type           solid
Recommendation             0
Name: 14, dtype: object)
2018-04-12 14:44:29,965 - FPGrowth - DEBUG - (15, Unnamed: 0                15
Dress_ID          1162628131
Style                 casual
Price                    low
Rating                     0
Size                    free
Season                winter
NeckLine           boat-neck
SleeveLength            full
waiseline               null
Material               other
FabricType             other
Decoration              lace
Pattern Type            null
Recommendation             0
Name: 15, dtype: object)
2018-04-12 14:44:29,967 - FPGrowth - DEBUG - (16, Unnamed: 0               16
Dress_ID          624314841
Style                  cute
Price               average
Rating                  4.7
Size                      l
Season               spring
NeckLine             o-neck
SleeveLength          short
waiseline              null
Material             cotton
FabricType             null
Decoration           sashes
Pattern Type          solid
Recommendation            1
Name: 16, dtype: object)
2018-04-12 14:44:29,969 - FPGrowth - DEBUG - (17, Unnamed: 0               17
Dress_ID          830467746
Style              bohemian
Price                medium
Rating                    5
Size                   free
Season               automn
NeckLine             o-neck
SleeveLength           full
waiseline           natural
Material               null
FabricType             null
Decoration        hollowout
Pattern Type      patchwork
Recommendation            1
Name: 17, dtype: object)
2018-04-12 14:44:29,972 - FPGrowth - DEBUG - (18, Unnamed: 0                     18
Dress_ID                840857118
Style                       brief
Price                     average
Rating                          0
Size                            m
Season                     winter
NeckLine          peterpan-collor
SleeveLength         threequarter
waiseline                 natural
Material                   cotton
FabricType                   null
Decoration                   null
Pattern Type            patchwork
Recommendation                  0
Name: 18, dtype: object)
2018-04-12 14:44:29,974 - FPGrowth - DEBUG - (19, Unnamed: 0                19
Dress_ID          1113221101
Style                   sexy
Price                average
Rating                     5
Size                       m
Season                automn
NeckLine              o-neck
SleeveLength       sleevless
waiseline             empire
Material            milksilk
FabricType              null
Decoration              null
Pattern Type            null
Recommendation             1
Name: 19, dtype: object)
2018-04-12 14:44:29,977 - FPGrowth - DEBUG - (20, Unnamed: 0               20
Dress_ID          861754372
Style                  sexy
Price               average
Rating                  4.5
Size                      l
Season               automn
NeckLine             o-neck
SleeveLength           full
waiseline              null
Material             cotton
FabricType             null
Decoration          beading
Pattern Type          solid
Recommendation            0
Name: 20, dtype: object)
2018-04-12 14:44:29,981 - FPGrowth - DEBUG - (21, Unnamed: 0               21
Dress_ID          856178100
Style                casual
Price                   low
Rating                  4.3
Size                      m
Season               summer
NeckLine             o-neck
SleeveLength      sleevless
waiseline           natural
Material               null
FabricType          chiffon
Decoration             null
Pattern Type          solid
Recommendation            0
Name: 21, dtype: object)
2018-04-12 14:44:29,986 - FPGrowth - DEBUG - (22, Unnamed: 0                22
Dress_ID          1122989777
Style                  brief
Price                    low
Rating                     4
Size                      xl
Season                summer
NeckLine              v-neck
SleeveLength           short
waiseline            natural
Material              cotton
FabricType              null
Decoration           pockets
Pattern Type           solid
Recommendation             0
Name: 22, dtype: object)
2018-04-12 14:44:29,991 - FPGrowth - DEBUG - (23, Unnamed: 0               23
Dress_ID          840516484
Style                  sexy
Price               average
Rating                  4.7
Size                      s
Season               summer
NeckLine             v-neck
SleeveLength      sleevless
waiseline            empire
Material             cotton
FabricType             null
Decoration         sequined
Pattern Type          solid
Recommendation            1
Name: 23, dtype: object)
2018-04-12 14:44:29,995 - FPGrowth - DEBUG - (24, Unnamed: 0               24
Dress_ID          768517084
Style                  sexy
Price               average
Rating                    0
Size                   free
Season               automn
NeckLine             v-neck
SleeveLength      sleevless
waiseline           natural
Material           polyster
FabricType             null
Decoration             lace
Pattern Type      patchwork
Recommendation            0
Name: 24, dtype: object)
2018-04-12 14:44:29,999 - FPGrowth - DEBUG - (25, Unnamed: 0                25
Dress_ID          1139843344
Style                   sexy
Price                average
Rating                     0
Size                       m
Season                automn
NeckLine              o-neck
SleeveLength       sleevless
waiseline             empire
Material              cotton
FabricType        broadcloth
Decoration              null
Pattern Type           print
Recommendation             0
Name: 25, dtype: object)
2018-04-12 14:44:30,002 - FPGrowth - DEBUG - (26, Unnamed: 0                26
Dress_ID          1004212992
Style                   sexy
Price                average
Rating                   4.7
Size                       m
Season                spring
NeckLine              o-neck
SleeveLength       sleevless
waiseline            natural
Material                null
FabricType              null
Decoration              null
Pattern Type           solid
Recommendation             1
Name: 26, dtype: object)
2018-04-12 14:44:30,004 - FPGrowth - DEBUG - (27, Unnamed: 0                27
Dress_ID          1235426503
Style                 casual
Price                    low
Rating                     0
Size                       l
Season                summer
NeckLine              o-neck
SleeveLength       sleevless
waiseline            natural
Material              cotton
FabricType            jersey
Decoration              null
Pattern Type           print
Recommendation             0
Name: 27, dtype: object)
2018-04-12 14:44:30,007 - FPGrowth - DEBUG - (28, Unnamed: 0               28
Dress_ID          942808364
Style                  cute
Price                   low
Rating                  4.3
Size                   free
Season               automn
NeckLine             o-neck
SleeveLength      sleevless
waiseline           natural
Material           polyster
FabricType          chiffon
Decoration           sashes
Pattern Type        striped
Recommendation            0
Name: 28, dtype: object)
2018-04-12 14:44:30,011 - FPGrowth - DEBUG - (29, Unnamed: 0                   29
Dress_ID              629131530
Style                      cute
Price                       low
Rating                      4.7
Size                          m
Season                   spring
NeckLine                ruffled
SleeveLength              short
waiseline                empire
Material          chiffonfabric
FabricType              chiffon
Decoration                  bow
Pattern Type                dot
Recommendation                1
Name: 29, dtype: object)
2018-04-12 14:44:30,014 - FPGrowth - DEBUG - (30, Unnamed: 0               30
Dress_ID          851945460
Style                casual
Price               average
Rating                  4.6
Size                      l
Season               automn
NeckLine             o-neck
SleeveLength      sleevless
waiseline            empire
Material           polyster
FabricType          chiffon
Decoration          ruffles
Pattern Type          solid
Recommendation            0
Name: 30, dtype: object)
2018-04-12 14:44:30,016 - FPGrowth - DEBUG - (31, Unnamed: 0                31
Dress_ID          1150275464
Style                 casual
Price                    low
Rating                     0
Size                       m
Season                spring
NeckLine              o-neck
SleeveLength       sleevless
waiseline            natural
Material                silk
FabricType           chiffon
Decoration          applique
Pattern Type           solid
Recommendation             1
Name: 31, dtype: object)
2018-04-12 14:44:30,020 - FPGrowth - DEBUG - (32, Unnamed: 0                32
Dress_ID          1026634314
Style                 casual
Price                average
Rating                   4.4
Size                       l
Season                automn
NeckLine              o-neck
SleeveLength       sleevless
waiseline            natural
Material               linen
FabricType           chiffon
Decoration           ruffles
Pattern Type          animal
Recommendation             0
Name: 32, dtype: object)
2018-04-12 14:44:30,024 - FPGrowth - DEBUG - (33, Unnamed: 0               33
Dress_ID          978773911
Style                 brief
Price               average
Rating                  4.3
Size                      l
Season               spring
NeckLine             o-neck
SleeveLength      sleevless
waiseline            empire
Material               null
FabricType             null
Decoration              bow
Pattern Type          solid
Recommendation            1
Name: 33, dtype: object)
2018-04-12 14:44:30,030 - FPGrowth - DEBUG - (34, Unnamed: 0                  34
Dress_ID             827791337
Style                    party
Price                     high
Rating                     4.7
Size                         m
Season                  spring
NeckLine                o-neck
SleeveLength      threequarter
waiseline                 null
Material                  null
FabricType                null
Decoration                null
Pattern Type             print
Recommendation               0
Name: 34, dtype: object)
2018-04-12 14:44:30,034 - FPGrowth - DEBUG - (35, Unnamed: 0               35
Dress_ID          640823350
Style                casual
Price                   low
Rating                  4.6
Size                   free
Season               winter
NeckLine          boat-neck
SleeveLength           full
waiseline           natural
Material             cotton
FabricType             null
Decoration             null
Pattern Type      patchwork
Recommendation            1
Name: 35, dtype: object)
2018-04-12 14:44:30,040 - FPGrowth - DEBUG - (36, Unnamed: 0               36
Dress_ID          801861988
Style               vintage
Price               average
Rating                  4.6
Size                   free
Season               winter
NeckLine             o-neck
SleeveLength           full
waiseline           natural
Material               null
FabricType          chiffon
Decoration             null
Pattern Type          print
Recommendation            1
Name: 36, dtype: object)
2018-04-12 14:44:30,049 - FPGrowth - DEBUG - (37, Unnamed: 0                37
Dress_ID          1060207186
Style                  brief
Price                average
Rating                     0
Size                       m
Season                automn
NeckLine              o-neck
SleeveLength           short
waiseline            natural
Material              cotton
FabricType              null
Decoration              null
Pattern Type           print
Recommendation             0
Name: 37, dtype: object)
2018-04-12 14:44:30,054 - FPGrowth - DEBUG - (38, Unnamed: 0                38
Dress_ID          1054679816
Style                  party
Price                average
Rating                   4.6
Size                       m
Season                winter
NeckLine              o-neck
SleeveLength       sleevless
waiseline            natural
Material              cotton
FabricType              null
Decoration              lace
Pattern Type           solid
Recommendation             1
Name: 38, dtype: object)
2018-04-12 14:44:30,058 - FPGrowth - DEBUG - (39, Unnamed: 0               39
Dress_ID          941190190
Style                casual
Price               average
Rating                  4.5
Size                      m
Season               spring
NeckLine             v-neck
SleeveLength          short
waiseline            empire
Material             cotton
FabricType             null
Decoration           button
Pattern Type          solid
Recommendation            1
Name: 39, dtype: object)
