2018-04-12 19:04:16,389 - FPGrowth - DEBUG - __init__(self = <fpgrowth.FPGrowth instance at 0x107bf57a0>  input_file = Dress_AttributeDataSet.csv ,  min_sup = 4
2018-04-12 19:04:16,433 - FPGrowth - DEBUG - shape :  (10, 15)
2018-04-12 19:04:16,433 - FPGrowth - DEBUG - frequent_itemset(self = <fpgrowth.FPGrowth instance at 0x107bf57a0> )
2018-04-12 19:04:16,433 - FPGrowth - INFO - Generate items freq table.
2018-04-12 19:04:16,461 - FPGrowth - INFO - Items with frequency more than min_sup : 4.
2018-04-12 19:04:16,461 - FPGrowth - INFO - {'summer': 6, 'natural': 6, 'low': 5, 'o-neck': 7}
2018-04-12 19:04:16,461 - FPGrowth - INFO - Ordered item set : 
2018-04-12 19:04:16,462 - FPGrowth - INFO - [('o-neck', 7), ('natural', 6), ('summer', 6), ('low', 5)]
2018-04-12 19:04:16,462 - FPGrowth - INFO - Items :
2018-04-12 19:04:16,462 - FPGrowth - INFO - ['o-neck', 'natural', 'summer', 'low']
2018-04-12 19:04:16,462 - FPGrowth - DEBUG - extract_ordered_items(self = <fpgrowth.FPGrowth instance at 0x107bf57a0> , df = (10, 15) ,  support_list = ['o-neck', 'natural', 'summer', 'low'])
2018-04-12 19:04:16,464 - FPGrowth - INFO - Transaction id: 0 , Ordered Items : ['o-neck', 'summer', 'low']
2018-04-12 19:04:16,464 - FPGrowth - INFO - Transaction id: 1 , Ordered Items : ['o-neck', 'natural', 'summer', 'low']
2018-04-12 19:04:16,465 - FPGrowth - INFO - Transaction id: 2 , Ordered Items : ['o-neck', 'natural']
2018-04-12 19:04:16,466 - FPGrowth - INFO - Transaction id: 3 , Ordered Items : ['o-neck', 'natural']
2018-04-12 19:04:16,467 - FPGrowth - INFO - Transaction id: 4 , Ordered Items : ['o-neck', 'natural', 'summer', 'low']
2018-04-12 19:04:16,467 - FPGrowth - INFO - Transaction id: 5 , Ordered Items : ['summer', 'low']
2018-04-12 19:04:16,468 - FPGrowth - INFO - Transaction id: 6 , Ordered Items : ['o-neck', 'summer']
2018-04-12 19:04:16,468 - FPGrowth - INFO - Transaction id: 7 , Ordered Items : ['o-neck', 'natural']
2018-04-12 19:04:16,469 - FPGrowth - INFO - Transaction id: 8 , Ordered Items : []
2018-04-12 19:04:16,470 - FPGrowth - INFO - Transaction id: 9 , Ordered Items : ['natural', 'summer', 'low']
2018-04-12 19:04:16,471 - FPGrowth - INFO - Transaction vs Ordered Items set
2018-04-12 19:04:16,471 - FPGrowth - INFO - {0: ['o-neck', 'summer', 'low'], 1: ['o-neck', 'natural', 'summer', 'low'], 2: ['o-neck', 'natural'], 3: ['o-neck', 'natural'], 4: ['o-neck', 'natural', 'summer', 'low'], 5: ['summer', 'low'], 6: ['o-neck', 'summer'], 7: ['o-neck', 'natural'], 8: [], 9: ['natural', 'summer', 'low']}
2018-04-12 19:04:16,472 - FPGrowth - INFO - Supported item count in ordered set: {'summer': 6, 'natural': 6, 'low': 5, 'o-neck': 7}
2018-04-12 19:04:16,472 - FPGrowth - INFO - Header table for FP Tree : [['o-neck', 7, None], ['natural', 6, None], ['summer', 6, None], ['low', 5, None]]
2018-04-12 19:04:16,472 - FPGrowth - DEBUG - make_fp_tree(self = <fpgrowth.FPGrowth instance at 0x107bf57a0>,
 header_table = [['o-neck', 7, None], ['natural', 6, None], ['summer', 6, None], ['low', 5, None]],
 ordered_set = {0: ['o-neck', 'summer', 'low'], 1: ['o-neck', 'natural', 'summer', 'low'], 2: ['o-neck', 'natural'], 3: ['o-neck', 'natural'], 4: ['o-neck', 'natural', 'summer', 'low'], 5: ['summer', 'low'], 6: ['o-neck', 'summer'], 7: ['o-neck', 'natural'], 8: [], 9: ['natural', 'summer', 'low']})
2018-04-12 19:04:23,114 - FPGrowth - DEBUG - link_header_table(self = <fpgrowth.FPGrowth instance at 0x107bf57a0> , header_table = [['o-neck', 7, None], ['natural', 6, None], ['summer', 6, None], ['low', 5, None]], node = o-neck, count : 1, neighbour :(None), childrens :[])
2018-04-12 19:04:27,337 - FPGrowth - DEBUG - link_header_table(self = <fpgrowth.FPGrowth instance at 0x107bf57a0> , header_table = [['o-neck', 7, <node.Node instance at 0x107c0d908>], ['natural', 6, None], ['summer', 6, None], ['low', 5, None]], node = summer, count : 1, neighbour :(None), childrens :[])
2018-04-12 19:04:31,648 - FPGrowth - DEBUG - link_header_table(self = <fpgrowth.FPGrowth instance at 0x107bf57a0> , header_table = [['o-neck', 7, <node.Node instance at 0x107c0d908>], ['natural', 6, None], ['summer', 6, <node.Node instance at 0x107c13c20>], ['low', 5, None]], node = low, count : 1, neighbour :(None), childrens :[])
2018-04-12 19:04:54,039 - FPGrowth - DEBUG - link_header_table(self = <fpgrowth.FPGrowth instance at 0x107bf57a0> , header_table = [['o-neck', 7, <node.Node instance at 0x107c0d908>], ['natural', 6, None], ['summer', 6, <node.Node instance at 0x107c13c20>], ['low', 5, <node.Node instance at 0x107c13d88>]], node = natural, count : 1, neighbour :(None), childrens :[])
2018-04-12 19:05:00,290 - FPGrowth - DEBUG - link_header_table(self = <fpgrowth.FPGrowth instance at 0x107bf57a0> , header_table = [['o-neck', 7, <node.Node instance at 0x107c0d908>], ['natural', 6, <node.Node instance at 0x107bf5d40>], ['summer', 6, <node.Node instance at 0x107c13c20>], ['low', 5, <node.Node instance at 0x107c13d88>]], node = summer, count : 1, neighbour :(None), childrens :[])
2018-04-12 19:05:03,883 - FPGrowth - DEBUG - link_header_table(self = <fpgrowth.FPGrowth instance at 0x107bf57a0> , header_table = [['o-neck', 7, <node.Node instance at 0x107c0d908>], ['natural', 6, <node.Node instance at 0x107bf5d40>], ['summer', 6, <node.Node instance at 0x107c13c20>], ['low', 5, <node.Node instance at 0x107c13d88>]], node = low, count : 1, neighbour :(None), childrens :[])
2018-04-12 19:05:23,555 - FPGrowth - DEBUG - link_header_table(self = <fpgrowth.FPGrowth instance at 0x107bf57a0> , header_table = [['o-neck', 7, <node.Node instance at 0x107c0d908>], ['natural', 6, <node.Node instance at 0x107bf5d40>], ['summer', 6, <node.Node instance at 0x107c13c20>], ['low', 5, <node.Node instance at 0x107c13d88>]], node = summer, count : 1, neighbour :(None), childrens :[])
2018-04-12 19:05:23,556 - FPGrowth - DEBUG - link_header_table(self = <fpgrowth.FPGrowth instance at 0x107bf57a0> , header_table = [['o-neck', 7, <node.Node instance at 0x107c0d908>], ['natural', 6, <node.Node instance at 0x107bf5d40>], ['summer', 6, <node.Node instance at 0x107c13c20>], ['low', 5, <node.Node instance at 0x107c13d88>]], node = low, count : 1, neighbour :(None), childrens :[])
2018-04-12 19:05:26,637 - FPGrowth - DEBUG - link_header_table(self = <fpgrowth.FPGrowth instance at 0x107bf57a0> , header_table = [['o-neck', 7, <node.Node instance at 0x107c0d908>], ['natural', 6, <node.Node instance at 0x107bf5d40>], ['summer', 6, <node.Node instance at 0x107c13c20>], ['low', 5, <node.Node instance at 0x107c13d88>]], node = natural, count : 1, neighbour :(None), childrens :[])
2018-04-12 19:05:26,638 - FPGrowth - DEBUG - link_header_table(self = <fpgrowth.FPGrowth instance at 0x107bf57a0> , header_table = [['o-neck', 7, <node.Node instance at 0x107c0d908>], ['natural', 6, <node.Node instance at 0x107bf5d40>], ['summer', 6, <node.Node instance at 0x107c13c20>], ['low', 5, <node.Node instance at 0x107c13d88>]], node = summer, count : 1, neighbour :(None), childrens :[])
2018-04-12 19:05:26,639 - FPGrowth - DEBUG - link_header_table(self = <fpgrowth.FPGrowth instance at 0x107bf57a0> , header_table = [['o-neck', 7, <node.Node instance at 0x107c0d908>], ['natural', 6, <node.Node instance at 0x107bf5d40>], ['summer', 6, <node.Node instance at 0x107c13c20>], ['low', 5, <node.Node instance at 0x107c13d88>]], node = low, count : 1, neighbour :(None), childrens :[])
