2018-04-12 18:41:07,519 - FPGrowth - DEBUG - __init__(self = <fpgrowth.FPGrowth instance at 0x104461998>  input_file = Dress_AttributeDataSet.csv ,  min_sup = 4
2018-04-12 18:41:07,563 - FPGrowth - DEBUG - shape :  (10, 15)
2018-04-12 18:41:07,564 - FPGrowth - DEBUG - frequent_itemset(self = <fpgrowth.FPGrowth instance at 0x104461998> )
2018-04-12 18:41:07,564 - FPGrowth - INFO - Generate items freq table.
2018-04-12 18:41:07,596 - FPGrowth - INFO - Items with frequency more than min_sup : 4.
2018-04-12 18:41:07,596 - FPGrowth - INFO - {'summer': 6, 'natural': 6, 'low': 5, 'o-neck': 7}
2018-04-12 18:41:07,596 - FPGrowth - INFO - Ordered item set : 
2018-04-12 18:41:07,596 - FPGrowth - INFO - [('o-neck', 7), ('natural', 6), ('summer', 6), ('low', 5)]
2018-04-12 18:41:07,597 - FPGrowth - INFO - Items :
2018-04-12 18:41:07,597 - FPGrowth - INFO - ['o-neck', 'natural', 'summer', 'low']
2018-04-12 18:41:07,597 - FPGrowth - DEBUG - extract_ordered_items(self = <fpgrowth.FPGrowth instance at 0x104461998> , df = (10, 15) ,  support_list = ['o-neck', 'natural', 'summer', 'low'])
2018-04-12 18:41:07,600 - FPGrowth - INFO - Transaction id: 0 , Ordered Items : ['o-neck', 'summer', 'low']
2018-04-12 18:41:07,601 - FPGrowth - INFO - Transaction id: 1 , Ordered Items : ['o-neck', 'natural', 'summer', 'low']
2018-04-12 18:41:07,601 - FPGrowth - INFO - Transaction id: 2 , Ordered Items : ['o-neck', 'natural']
2018-04-12 18:41:07,602 - FPGrowth - INFO - Transaction id: 3 , Ordered Items : ['o-neck', 'natural']
2018-04-12 18:41:07,603 - FPGrowth - INFO - Transaction id: 4 , Ordered Items : ['o-neck', 'natural', 'summer', 'low']
2018-04-12 18:41:07,603 - FPGrowth - INFO - Transaction id: 5 , Ordered Items : ['summer', 'low']
2018-04-12 18:41:07,604 - FPGrowth - INFO - Transaction id: 6 , Ordered Items : ['o-neck', 'summer']
2018-04-12 18:41:07,604 - FPGrowth - INFO - Transaction id: 7 , Ordered Items : ['o-neck', 'natural']
2018-04-12 18:41:07,605 - FPGrowth - INFO - Transaction id: 8 , Ordered Items : []
2018-04-12 18:41:07,606 - FPGrowth - INFO - Transaction id: 9 , Ordered Items : ['natural', 'summer', 'low']
2018-04-12 18:41:07,606 - FPGrowth - INFO - Transaction vs Ordered Items set
2018-04-12 18:41:07,607 - FPGrowth - INFO - {0: ['o-neck', 'summer', 'low'], 1: ['o-neck', 'natural', 'summer', 'low'], 2: ['o-neck', 'natural'], 3: ['o-neck', 'natural'], 4: ['o-neck', 'natural', 'summer', 'low'], 5: ['summer', 'low'], 6: ['o-neck', 'summer'], 7: ['o-neck', 'natural'], 8: [], 9: ['natural', 'summer', 'low']}
2018-04-12 18:41:07,607 - FPGrowth - INFO - Supported item count in ordered set: {'summer': 6, 'natural': 6, 'low': 5, 'o-neck': 7}
2018-04-12 18:41:07,607 - FPGrowth - INFO - Header table for FP Tree : [['o-neck', 7, None], ['natural', 6, None], ['summer', 6, None], ['low', 5, None]]
2018-04-12 18:41:07,608 - FPGrowth - DEBUG - make_fp_tree(self = <fpgrowth.FPGrowth instance at 0x104461998>,
 header_table = [['o-neck', 7, None], ['natural', 6, None], ['summer', 6, None], ['low', 5, None]],
 ordered_set = {0: ['o-neck', 'summer', 'low'], 1: ['o-neck', 'natural', 'summer', 'low'], 2: ['o-neck', 'natural'], 3: ['o-neck', 'natural'], 4: ['o-neck', 'natural', 'summer', 'low'], 5: ['summer', 'low'], 6: ['o-neck', 'summer'], 7: ['o-neck', 'natural'], 8: [], 9: ['natural', 'summer', 'low']})
2018-04-12 18:41:07,608 - FPGrowth - DEBUG - link_header_table(self = <fpgrowth.FPGrowth instance at 0x104461998> , header_table = [['o-neck', 7, None], ['natural', 6, None], ['summer', 6, None], ['low', 5, None]], node = o-neck, count : 0, neighbour :(None), childrens :[])
2018-04-12 18:41:07,608 - FPGrowth - DEBUG - link_header_table(self = <fpgrowth.FPGrowth instance at 0x104461998> , header_table = [['o-neck', 7, <node.Node instance at 0x1044b0710>], ['natural', 6, None], ['summer', 6, None], ['low', 5, None]], node = summer, count : 0, neighbour :(None), childrens :[])
2018-04-12 18:41:07,609 - FPGrowth - DEBUG - link_header_table(self = <fpgrowth.FPGrowth instance at 0x104461998> , header_table = [['o-neck', 7, <node.Node instance at 0x1044b0710>], ['natural', 6, None], ['summer', 6, <node.Node instance at 0x1044b0b90>], ['low', 5, None]], node = low, count : 0, neighbour :(None), childrens :[])
2018-04-12 18:41:07,609 - FPGrowth - DEBUG - link_header_table(self = <fpgrowth.FPGrowth instance at 0x104461998> , header_table = [['o-neck', 7, <node.Node instance at 0x1044b0710>], ['natural', 6, None], ['summer', 6, <node.Node instance at 0x1044b0b90>], ['low', 5, <node.Node instance at 0x1044b0bd8>]], node = natural, count : 0, neighbour :(None), childrens :[])
2018-04-12 18:41:07,609 - FPGrowth - DEBUG - link_header_table(self = <fpgrowth.FPGrowth instance at 0x104461998> , header_table = [['o-neck', 7, <node.Node instance at 0x1044b0710>], ['natural', 6, <node.Node instance at 0x1044b0c20>], ['summer', 6, <node.Node instance at 0x1044b0b90>], ['low', 5, <node.Node instance at 0x1044b0bd8>]], node = summer, count : 0, neighbour :(None), childrens :[])
2018-04-12 18:41:07,609 - FPGrowth - DEBUG - link_header_table(self = <fpgrowth.FPGrowth instance at 0x104461998> , header_table = [['o-neck', 7, <node.Node instance at 0x1044b0710>], ['natural', 6, <node.Node instance at 0x1044b0c20>], ['summer', 6, <node.Node instance at 0x1044b0b90>], ['low', 5, <node.Node instance at 0x1044b0bd8>]], node = low, count : 0, neighbour :(None), childrens :[])
2018-04-12 18:41:07,610 - FPGrowth - DEBUG - link_header_table(self = <fpgrowth.FPGrowth instance at 0x104461998> , header_table = [['o-neck', 7, <node.Node instance at 0x1044b0710>], ['natural', 6, <node.Node instance at 0x1044b0c20>], ['summer', 6, <node.Node instance at 0x1044b0b90>], ['low', 5, <node.Node instance at 0x1044b0bd8>]], node = natural, count : 0, neighbour :(None), childrens :[])
2018-04-12 18:41:07,610 - FPGrowth - DEBUG - link_header_table(self = <fpgrowth.FPGrowth instance at 0x104461998> , header_table = [['o-neck', 7, <node.Node instance at 0x1044b0710>], ['natural', 6, <node.Node instance at 0x1044b0c20>], ['summer', 6, <node.Node instance at 0x1044b0b90>], ['low', 5, <node.Node instance at 0x1044b0bd8>]], node = natural, count : 0, neighbour :(None), childrens :[])
2018-04-12 18:41:07,610 - FPGrowth - DEBUG - link_header_table(self = <fpgrowth.FPGrowth instance at 0x104461998> , header_table = [['o-neck', 7, <node.Node instance at 0x1044b0710>], ['natural', 6, <node.Node instance at 0x1044b0c20>], ['summer', 6, <node.Node instance at 0x1044b0b90>], ['low', 5, <node.Node instance at 0x1044b0bd8>]], node = summer, count : 0, neighbour :(None), childrens :[])
2018-04-12 18:41:07,611 - FPGrowth - DEBUG - link_header_table(self = <fpgrowth.FPGrowth instance at 0x104461998> , header_table = [['o-neck', 7, <node.Node instance at 0x1044b0710>], ['natural', 6, <node.Node instance at 0x1044b0c20>], ['summer', 6, <node.Node instance at 0x1044b0b90>], ['low', 5, <node.Node instance at 0x1044b0bd8>]], node = low, count : 0, neighbour :(None), childrens :[])
2018-04-12 18:41:07,611 - FPGrowth - DEBUG - link_header_table(self = <fpgrowth.FPGrowth instance at 0x104461998> , header_table = [['o-neck', 7, <node.Node instance at 0x1044b0710>], ['natural', 6, <node.Node instance at 0x1044b0c20>], ['summer', 6, <node.Node instance at 0x1044b0b90>], ['low', 5, <node.Node instance at 0x1044b0bd8>]], node = summer, count : 0, neighbour :(None), childrens :[])
2018-04-12 18:41:07,611 - FPGrowth - DEBUG - link_header_table(self = <fpgrowth.FPGrowth instance at 0x104461998> , header_table = [['o-neck', 7, <node.Node instance at 0x1044b0710>], ['natural', 6, <node.Node instance at 0x1044b0c20>], ['summer', 6, <node.Node instance at 0x1044b0b90>], ['low', 5, <node.Node instance at 0x1044b0bd8>]], node = low, count : 0, neighbour :(None), childrens :[])
2018-04-12 18:41:07,611 - FPGrowth - DEBUG - link_header_table(self = <fpgrowth.FPGrowth instance at 0x104461998> , header_table = [['o-neck', 7, <node.Node instance at 0x1044b0710>], ['natural', 6, <node.Node instance at 0x1044b0c20>], ['summer', 6, <node.Node instance at 0x1044b0b90>], ['low', 5, <node.Node instance at 0x1044b0bd8>]], node = natural, count : 0, neighbour :(None), childrens :[])
2018-04-12 18:41:07,612 - FPGrowth - DEBUG - link_header_table(self = <fpgrowth.FPGrowth instance at 0x104461998> , header_table = [['o-neck', 7, <node.Node instance at 0x1044b0710>], ['natural', 6, <node.Node instance at 0x1044b0c20>], ['summer', 6, <node.Node instance at 0x1044b0b90>], ['low', 5, <node.Node instance at 0x1044b0bd8>]], node = summer, count : 0, neighbour :(None), childrens :[])
2018-04-12 18:41:07,612 - FPGrowth - DEBUG - link_header_table(self = <fpgrowth.FPGrowth instance at 0x104461998> , header_table = [['o-neck', 7, <node.Node instance at 0x1044b0710>], ['natural', 6, <node.Node instance at 0x1044b0c20>], ['summer', 6, <node.Node instance at 0x1044b0b90>], ['low', 5, <node.Node instance at 0x1044b0bd8>]], node = low, count : 0, neighbour :(None), childrens :[])
2018-04-12 18:41:07,612 - FPGrowth - INFO - Root node : NULL, count : 9, neighbour :(None), childrens :[<node.Node instance at 0x1044b0710>, <node.Node instance at 0x1044b0e18>, <node.Node instance at 0x1044b0ea8>]
