2018-04-13 17:12:56,514 - FPGrowth - DEBUG - shape :  (500, 15)
2018-04-13 17:12:56,515 - FPGrowth - INFO - Generate items freq table.
2018-04-13 17:12:56,569 - FPGrowth - DEBUG - 0
2018-04-13 17:12:56,570 - FPGrowth - DEBUG - 411
2018-04-13 17:12:56,570 - FPGrowth - DEBUG - 1
2018-04-13 17:12:56,570 - FPGrowth - DEBUG - 212
2018-04-13 17:12:56,570 - FPGrowth - DEBUG - natural
2018-04-13 17:12:56,570 - FPGrowth - DEBUG - 304
2018-04-13 17:12:56,570 - FPGrowth - DEBUG - sleevless
2018-04-13 17:12:56,570 - FPGrowth - DEBUG - 223
2018-04-13 17:12:56,570 - FPGrowth - DEBUG - o-neck
2018-04-13 17:12:56,570 - FPGrowth - DEBUG - 271
2018-04-13 17:12:56,571 - FPGrowth - DEBUG - solid
2018-04-13 17:12:56,571 - FPGrowth - DEBUG - 203
2018-04-13 17:12:56,571 - FPGrowth - DEBUG - average
2018-04-13 17:12:56,571 - FPGrowth - DEBUG - 252
2018-04-13 17:12:56,571 - FPGrowth - DEBUG - casual
2018-04-13 17:12:56,571 - FPGrowth - DEBUG - 232
2018-04-13 17:12:56,571 - FPGrowth - INFO - Items with frequency more than min_sup : 180.
2018-04-13 17:12:56,571 - FPGrowth - INFO - {0: 411, 1: 212, 'natural': 304, 'sleevless': 223, 'o-neck': 271, 'solid': 203, 'average': 252, 'casual': 232}
2018-04-13 17:12:56,571 - FPGrowth - INFO - Ordered item set : 
2018-04-13 17:12:56,572 - FPGrowth - INFO - [(0, 411), ('natural', 304), ('o-neck', 271), ('average', 252), ('casual', 232), ('sleevless', 223), (1, 212), ('solid', 203)]
2018-04-13 17:12:56,572 - FPGrowth - INFO - Items :
2018-04-13 17:12:56,572 - FPGrowth - INFO - [0, 'natural', 'o-neck', 'average', 'casual', 'sleevless', 1, 'solid']
2018-04-13 17:12:56,572 - FPGrowth - INFO - Transaction id: 0 , Ordered Items : [0, 'o-neck', 'sleevless', 1]
2018-04-13 17:12:56,573 - FPGrowth - INFO - Transaction id: 1 , Ordered Items : [0, 'natural', 'o-neck', 'casual', 1]
2018-04-13 17:12:56,573 - FPGrowth - INFO - Transaction id: 2 , Ordered Items : [0, 'natural', 'o-neck']
2018-04-13 17:12:56,573 - FPGrowth - INFO - Transaction id: 3 , Ordered Items : ['natural', 'o-neck', 'average', 1]
2018-04-13 17:12:56,573 - FPGrowth - INFO - Transaction id: 4 , Ordered Items : [0, 'natural', 'o-neck']
2018-04-13 17:12:56,574 - FPGrowth - INFO - Transaction id: 5 , Ordered Items : [0, 'sleevless']
2018-04-13 17:12:56,574 - FPGrowth - INFO - Transaction id: 6 , Ordered Items : [0, 'o-neck', 'average', 'casual', 'solid']
2018-04-13 17:12:56,574 - FPGrowth - INFO - Transaction id: 7 , Ordered Items : [0, 'natural', 'o-neck', 'average']
2018-04-13 17:12:56,574 - FPGrowth - INFO - Transaction id: 8 , Ordered Items : [0, 'average', 1, 'solid']
2018-04-13 17:12:56,574 - FPGrowth - INFO - Transaction id: 9 , Ordered Items : [0, 'natural', 'sleevless', 1]
2018-04-13 17:12:56,575 - FPGrowth - INFO - Transaction id: 10 , Ordered Items : [0, 'natural', 'o-neck', 'average', 'solid']
2018-04-13 17:12:56,575 - FPGrowth - INFO - Transaction id: 11 , Ordered Items : [0, 'average']
2018-04-13 17:12:56,575 - FPGrowth - INFO - Transaction id: 12 , Ordered Items : ['o-neck', 1]
2018-04-13 17:12:56,575 - FPGrowth - INFO - Transaction id: 13 , Ordered Items : ['o-neck', 'average', 1]
2018-04-13 17:12:56,576 - FPGrowth - INFO - Transaction id: 14 , Ordered Items : [0, 'casual', 'solid']
2018-04-13 17:12:56,576 - FPGrowth - INFO - Transaction id: 15 , Ordered Items : [0, 'casual']
2018-04-13 17:12:56,576 - FPGrowth - INFO - Transaction id: 16 , Ordered Items : ['o-neck', 'average', 1, 'solid']
2018-04-13 17:12:56,576 - FPGrowth - INFO - Transaction id: 17 , Ordered Items : ['natural', 'o-neck', 1]
2018-04-13 17:12:56,577 - FPGrowth - INFO - Transaction id: 18 , Ordered Items : [0, 'natural', 'average']
2018-04-13 17:12:56,577 - FPGrowth - INFO - Transaction id: 19 , Ordered Items : ['o-neck', 'average', 'sleevless', 1]
2018-04-13 17:12:56,577 - FPGrowth - INFO - Transaction id: 20 , Ordered Items : [0, 'o-neck', 'average', 'solid']
2018-04-13 17:12:56,577 - FPGrowth - INFO - Transaction id: 21 , Ordered Items : [0, 'natural', 'o-neck', 'casual', 'sleevless', 'solid']
2018-04-13 17:12:56,578 - FPGrowth - INFO - Transaction id: 22 , Ordered Items : [0, 'natural', 'solid']
2018-04-13 17:12:56,578 - FPGrowth - INFO - Transaction id: 23 , Ordered Items : ['average', 'sleevless', 1, 'solid']
2018-04-13 17:12:56,578 - FPGrowth - INFO - Transaction id: 24 , Ordered Items : [0, 'natural', 'average', 'sleevless']
2018-04-13 17:12:56,578 - FPGrowth - INFO - Transaction id: 25 , Ordered Items : [0, 'o-neck', 'average', 'sleevless']
2018-04-13 17:12:56,579 - FPGrowth - INFO - Transaction id: 26 , Ordered Items : ['natural', 'o-neck', 'average', 'sleevless', 1, 'solid']
2018-04-13 17:12:56,579 - FPGrowth - INFO - Transaction id: 27 , Ordered Items : [0, 'natural', 'o-neck', 'casual', 'sleevless']
2018-04-13 17:12:56,579 - FPGrowth - INFO - Transaction id: 28 , Ordered Items : [0, 'natural', 'o-neck', 'sleevless']
2018-04-13 17:12:56,579 - FPGrowth - INFO - Transaction id: 29 , Ordered Items : [1]
2018-04-13 17:12:56,580 - FPGrowth - INFO - Transaction id: 30 , Ordered Items : [0, 'o-neck', 'average', 'casual', 'sleevless', 'solid']
2018-04-13 17:12:56,580 - FPGrowth - INFO - Transaction id: 31 , Ordered Items : [0, 'natural', 'o-neck', 'casual', 'sleevless', 1, 'solid']
2018-04-13 17:12:56,580 - FPGrowth - INFO - Transaction id: 32 , Ordered Items : [0, 'natural', 'o-neck', 'average', 'casual', 'sleevless']
2018-04-13 17:12:56,581 - FPGrowth - INFO - Transaction id: 33 , Ordered Items : ['o-neck', 'average', 'sleevless', 1, 'solid']
2018-04-13 17:12:56,581 - FPGrowth - INFO - Transaction id: 34 , Ordered Items : [0, 'o-neck']
2018-04-13 17:12:56,581 - FPGrowth - INFO - Transaction id: 35 , Ordered Items : ['natural', 'casual', 1]
2018-04-13 17:12:56,581 - FPGrowth - INFO - Transaction id: 36 , Ordered Items : ['natural', 'o-neck', 'average', 1]
2018-04-13 17:12:56,581 - FPGrowth - INFO - Transaction id: 37 , Ordered Items : [0, 'natural', 'o-neck', 'average']
2018-04-13 17:12:56,582 - FPGrowth - INFO - Transaction id: 38 , Ordered Items : ['natural', 'o-neck', 'average', 'sleevless', 1, 'solid']
2018-04-13 17:12:56,582 - FPGrowth - INFO - Transaction id: 39 , Ordered Items : ['average', 'casual', 1, 'solid']
2018-04-13 17:12:56,582 - FPGrowth - INFO - Transaction id: 40 , Ordered Items : ['natural', 'average', 'sleevless', 1, 'solid']
2018-04-13 17:12:56,583 - FPGrowth - INFO - Transaction id: 41 , Ordered Items : [0, 'natural', 'o-neck', 'solid']
2018-04-13 17:12:56,583 - FPGrowth - INFO - Transaction id: 42 , Ordered Items : [0, 'natural', 'o-neck', 'average', 'casual']
2018-04-13 17:12:56,583 - FPGrowth - INFO - Transaction id: 43 , Ordered Items : [0, 'natural', 'o-neck', 'casual', 'sleevless']
2018-04-13 17:12:56,583 - FPGrowth - INFO - Transaction id: 44 , Ordered Items : ['natural', 'o-neck', 'average', 'sleevless', 1]
2018-04-13 17:12:56,583 - FPGrowth - INFO - Transaction id: 45 , Ordered Items : [0, 'natural', 'o-neck', 'average', 'solid']
2018-04-13 17:12:56,584 - FPGrowth - INFO - Transaction id: 46 , Ordered Items : [0, 'average']
2018-04-13 17:12:56,584 - FPGrowth - INFO - Transaction id: 47 , Ordered Items : [0, 'natural', 'o-neck', 'average', 'casual', 1]
2018-04-13 17:12:56,584 - FPGrowth - INFO - Transaction id: 48 , Ordered Items : [0, 'o-neck', 'casual', 'sleevless', 'solid']
2018-04-13 17:12:56,584 - FPGrowth - INFO - Transaction id: 49 , Ordered Items : [0, 'casual', 1, 'solid']
2018-04-13 17:12:56,585 - FPGrowth - INFO - Transaction id: 50 , Ordered Items : ['sleevless', 1]
2018-04-13 17:12:56,585 - FPGrowth - INFO - Transaction id: 51 , Ordered Items : [0, 'o-neck', 'casual', 'sleevless']
2018-04-13 17:12:56,585 - FPGrowth - INFO - Transaction id: 52 , Ordered Items : [0, 'natural', 'o-neck', 'average', 'casual', 1, 'solid']
2018-04-13 17:12:56,585 - FPGrowth - INFO - Transaction id: 53 , Ordered Items : ['natural', 'o-neck', 'average', 'casual', 'sleevless', 1, 'solid']
2018-04-13 17:12:56,586 - FPGrowth - INFO - Transaction id: 54 , Ordered Items : [0, 'natural', 'o-neck', 'average']
2018-04-13 17:12:56,586 - FPGrowth - INFO - Transaction id: 55 , Ordered Items : [0, 'natural', 'average']
2018-04-13 17:12:56,586 - FPGrowth - INFO - Transaction id: 56 , Ordered Items : ['natural', 'average', 'casual', 1, 'solid']
2018-04-13 17:12:56,587 - FPGrowth - INFO - Transaction id: 57 , Ordered Items : ['natural', 'o-neck', 'sleevless', 1, 'solid']
2018-04-13 17:12:56,587 - FPGrowth - INFO - Transaction id: 58 , Ordered Items : ['natural', 'sleevless', 1]
2018-04-13 17:12:56,587 - FPGrowth - INFO - Transaction id: 59 , Ordered Items : [0, 'natural', 'average', 'sleevless']
2018-04-13 17:12:56,587 - FPGrowth - INFO - Transaction id: 60 , Ordered Items : [0, 'natural', 1, 'solid']
2018-04-13 17:12:56,587 - FPGrowth - INFO - Transaction id: 61 , Ordered Items : [0, 'natural', 'o-neck', 'average', 'casual']
2018-04-13 17:12:56,588 - FPGrowth - INFO - Transaction id: 62 , Ordered Items : [0, 'o-neck', 'average', 'casual']
2018-04-13 17:12:56,588 - FPGrowth - INFO - Transaction id: 63 , Ordered Items : [0, 'natural', 'o-neck', 'average', 'casual', 'sleevless', 'solid']
2018-04-13 17:12:56,588 - FPGrowth - INFO - Transaction id: 64 , Ordered Items : ['o-neck', 'sleevless', 1, 'solid']
2018-04-13 17:12:56,588 - FPGrowth - INFO - Transaction id: 65 , Ordered Items : [0, 'natural', 'average', 'casual', 'solid']
2018-04-13 17:12:56,588 - FPGrowth - INFO - Transaction id: 66 , Ordered Items : [0, 'natural', 'casual', 'solid']
2018-04-13 17:12:56,589 - FPGrowth - INFO - Transaction id: 67 , Ordered Items : ['natural', 'o-neck', 'casual', 1]
2018-04-13 17:12:56,604 - FPGrowth - INFO - Transaction id: 68 , Ordered Items : [0, 'natural', 'average', 'solid']
2018-04-13 17:12:56,604 - FPGrowth - INFO - Transaction id: 69 , Ordered Items : [0, 'casual', 'solid']
2018-04-13 17:12:56,605 - FPGrowth - INFO - Transaction id: 70 , Ordered Items : ['natural', 'average', 'sleevless', 1]
2018-04-13 17:12:56,605 - FPGrowth - INFO - Transaction id: 71 , Ordered Items : [0, 'natural', 1, 'solid']
2018-04-13 17:12:56,605 - FPGrowth - INFO - Transaction id: 72 , Ordered Items : [0, 'natural', 'average', 'sleevless', 'solid']
2018-04-13 17:12:56,606 - FPGrowth - INFO - Transaction id: 73 , Ordered Items : [0, 'natural', 'o-neck', 'casual', 'solid']
2018-04-13 17:12:56,606 - FPGrowth - INFO - Transaction id: 74 , Ordered Items : [0, 'natural', 'o-neck', 'casual', 'sleevless', 'solid']
2018-04-13 17:12:56,606 - FPGrowth - INFO - Transaction id: 75 , Ordered Items : [0, 'o-neck', 'casual']
2018-04-13 17:12:56,606 - FPGrowth - INFO - Transaction id: 76 , Ordered Items : ['average', 'casual', 1]
2018-04-13 17:12:56,607 - FPGrowth - INFO - Transaction id: 77 , Ordered Items : [0, 'casual', 'sleevless']
2018-04-13 17:12:56,607 - FPGrowth - INFO - Transaction id: 78 , Ordered Items : [0, 'natural', 'o-neck', 'average', 'casual', 'sleevless', 'solid']
2018-04-13 17:12:56,607 - FPGrowth - INFO - Transaction id: 79 , Ordered Items : ['sleevless', 1]
2018-04-13 17:12:56,608 - FPGrowth - INFO - Transaction id: 80 , Ordered Items : [0, 'casual', 'sleevless']
2018-04-13 17:12:56,608 - FPGrowth - INFO - Transaction id: 81 , Ordered Items : [0, 'natural', 'average', 'sleevless', 'solid']
2018-04-13 17:12:56,608 - FPGrowth - INFO - Transaction id: 82 , Ordered Items : [0, 'natural', 'o-neck']
2018-04-13 17:12:56,608 - FPGrowth - INFO - Transaction id: 83 , Ordered Items : [0, 'natural', 'o-neck']
2018-04-13 17:12:56,609 - FPGrowth - INFO - Transaction id: 84 , Ordered Items : [0, 'o-neck', 'average', 'casual', 'solid']
2018-04-13 17:12:56,609 - FPGrowth - INFO - Transaction id: 85 , Ordered Items : ['casual', 1]
2018-04-13 17:12:56,610 - FPGrowth - INFO - Transaction id: 86 , Ordered Items : [0, 'natural', 'o-neck', 'casual', 1, 'solid']
2018-04-13 17:12:56,610 - FPGrowth - INFO - Transaction id: 87 , Ordered Items : ['average', 'sleevless', 1]
2018-04-13 17:12:56,611 - FPGrowth - INFO - Transaction id: 88 , Ordered Items : ['natural', 'o-neck', 1]
2018-04-13 17:12:56,612 - FPGrowth - INFO - Transaction id: 89 , Ordered Items : [0, 'average', 'solid']
2018-04-13 17:12:56,613 - FPGrowth - INFO - Transaction id: 90 , Ordered Items : [0, 'natural', 'average', 'casual', 'sleevless', 1]
2018-04-13 17:12:56,615 - FPGrowth - INFO - Transaction id: 91 , Ordered Items : ['natural', 'o-neck', 'average', 'casual', 1, 'solid']
2018-04-13 17:12:56,617 - FPGrowth - INFO - Transaction id: 92 , Ordered Items : [0, 'natural', 'solid']
2018-04-13 17:12:56,618 - FPGrowth - INFO - Transaction id: 93 , Ordered Items : [0, 'natural', 'o-neck', 'solid']
2018-04-13 17:12:56,620 - FPGrowth - INFO - Transaction id: 94 , Ordered Items : [0, 'casual', 1]
2018-04-13 17:12:56,621 - FPGrowth - INFO - Transaction id: 95 , Ordered Items : [0, 'natural', 'casual', 1, 'solid']
2018-04-13 17:12:56,621 - FPGrowth - INFO - Transaction id: 96 , Ordered Items : [0, 'natural', 'o-neck', 'average', 'casual', 'sleevless']
2018-04-13 17:12:56,621 - FPGrowth - INFO - Transaction id: 97 , Ordered Items : [0, 'natural', 'average', 'casual']
2018-04-13 17:12:56,622 - FPGrowth - INFO - Transaction id: 98 , Ordered Items : [0, 'natural', 'o-neck']
2018-04-13 17:12:56,622 - FPGrowth - INFO - Transaction id: 99 , Ordered Items : ['natural', 1]
2018-04-13 17:12:56,623 - FPGrowth - INFO - Transaction id: 100 , Ordered Items : [0, 'average', 'solid']
2018-04-13 17:12:56,623 - FPGrowth - INFO - Transaction id: 101 , Ordered Items : ['natural', 'average', 'casual', 1]
2018-04-13 17:12:56,623 - FPGrowth - INFO - Transaction id: 102 , Ordered Items : [0, 'natural', 'o-neck', 'casual', 1]
2018-04-13 17:12:56,624 - FPGrowth - INFO - Transaction id: 103 , Ordered Items : ['o-neck', 1]
2018-04-13 17:12:56,624 - FPGrowth - INFO - Transaction id: 104 , Ordered Items : [0, 'solid']
2018-04-13 17:12:56,624 - FPGrowth - INFO - Transaction id: 105 , Ordered Items : [0, 'natural', 'o-neck', 'average', 'solid']
2018-04-13 17:12:56,624 - FPGrowth - INFO - Transaction id: 106 , Ordered Items : ['o-neck', 1]
2018-04-13 17:12:56,625 - FPGrowth - INFO - Transaction id: 107 , Ordered Items : ['natural', 'o-neck', 'casual', 1, 'solid']
2018-04-13 17:12:56,625 - FPGrowth - INFO - Transaction id: 108 , Ordered Items : [0, 'natural', 'o-neck', 'casual', 'sleevless', 1, 'solid']
2018-04-13 17:12:56,628 - FPGrowth - INFO - Transaction id: 109 , Ordered Items : [0, 'o-neck', 'average', 'casual']
2018-04-13 17:12:56,632 - FPGrowth - INFO - Transaction id: 110 , Ordered Items : [0, 'average', 'sleevless']
2018-04-13 17:12:56,633 - FPGrowth - INFO - Transaction id: 111 , Ordered Items : ['natural', 'o-neck', 'casual', 'sleevless', 1, 'solid']
2018-04-13 17:12:56,640 - FPGrowth - INFO - Transaction id: 112 , Ordered Items : [0, 'o-neck', 'average', 'casual']
2018-04-13 17:12:56,640 - FPGrowth - INFO - Transaction id: 113 , Ordered Items : [0, 'natural', 'average', 'sleevless', 'solid']
2018-04-13 17:12:56,641 - FPGrowth - INFO - Transaction id: 114 , Ordered Items : ['natural', 'o-neck', 'average', 1]
2018-04-13 17:12:56,641 - FPGrowth - INFO - Transaction id: 115 , Ordered Items : [0, 'natural', 'o-neck', 'average', 'sleevless', 'solid']
2018-04-13 17:12:56,641 - FPGrowth - INFO - Transaction id: 116 , Ordered Items : [0, 'natural', 'o-neck', 'average', 'casual']
2018-04-13 17:12:56,643 - FPGrowth - INFO - Transaction id: 117 , Ordered Items : [0, 'o-neck', 'casual']
2018-04-13 17:12:56,644 - FPGrowth - INFO - Transaction id: 118 , Ordered Items : [0, 'natural', 'casual', 'solid']
2018-04-13 17:12:56,646 - FPGrowth - INFO - Transaction id: 119 , Ordered Items : ['natural', 'average', 1, 'solid']
2018-04-13 17:12:56,649 - FPGrowth - INFO - Transaction id: 120 , Ordered Items : [0, 'natural', 'average', 'solid']
2018-04-13 17:12:56,649 - FPGrowth - INFO - Transaction id: 121 , Ordered Items : [0, 'o-neck', 'average', 'sleevless']
2018-04-13 17:12:56,655 - FPGrowth - INFO - Transaction id: 122 , Ordered Items : ['natural', 'o-neck', 1]
2018-04-13 17:12:56,656 - FPGrowth - INFO - Transaction id: 123 , Ordered Items : [0, 'sleevless', 1, 'solid']
2018-04-13 17:12:56,657 - FPGrowth - INFO - Transaction id: 124 , Ordered Items : [0, 'o-neck', 'average']
2018-04-13 17:12:56,657 - FPGrowth - INFO - Transaction id: 125 , Ordered Items : [0, 'o-neck', 'average', 'casual']
2018-04-13 17:12:56,658 - FPGrowth - INFO - Transaction id: 126 , Ordered Items : [0, 'natural', 'o-neck']
2018-04-13 17:12:56,662 - FPGrowth - INFO - Transaction id: 127 , Ordered Items : [0, 'natural', 'sleevless', 'solid']
2018-04-13 17:12:56,662 - FPGrowth - INFO - Transaction id: 128 , Ordered Items : [0, 'natural', 'average', 'solid']
2018-04-13 17:12:56,663 - FPGrowth - INFO - Transaction id: 129 , Ordered Items : [0, 'o-neck', 'average', 'casual', 1]
2018-04-13 17:12:56,663 - FPGrowth - INFO - Transaction id: 130 , Ordered Items : [0, 'natural', 'casual', 'solid']
2018-04-13 17:12:56,664 - FPGrowth - INFO - Transaction id: 131 , Ordered Items : ['natural', 'o-neck', 'average', 1]
2018-04-13 17:12:56,664 - FPGrowth - INFO - Transaction id: 132 , Ordered Items : [0, 'average']
2018-04-13 17:12:56,664 - FPGrowth - INFO - Transaction id: 133 , Ordered Items : [0, 'natural', 'o-neck', 'average', 'sleevless', 'solid']
2018-04-13 17:12:56,665 - FPGrowth - INFO - Transaction id: 134 , Ordered Items : [0, 'natural', 'o-neck', 'average', 'sleevless', 'solid']
2018-04-13 17:12:56,665 - FPGrowth - INFO - Transaction id: 135 , Ordered Items : [0, 'o-neck']
2018-04-13 17:12:56,674 - FPGrowth - INFO - Transaction id: 136 , Ordered Items : [0, 'o-neck', 'average', 'casual', 'solid']
2018-04-13 17:12:56,674 - FPGrowth - INFO - Transaction id: 137 , Ordered Items : ['natural', 'o-neck', 'average', 1]
2018-04-13 17:12:56,674 - FPGrowth - INFO - Transaction id: 138 , Ordered Items : [0, 'o-neck', 'casual', 'solid']
2018-04-13 17:12:56,674 - FPGrowth - INFO - Transaction id: 139 , Ordered Items : ['average', 'sleevless', 1]
2018-04-13 17:12:56,675 - FPGrowth - INFO - Transaction id: 140 , Ordered Items : [0, 'solid']
2018-04-13 17:12:56,675 - FPGrowth - INFO - Transaction id: 141 , Ordered Items : [0, 'o-neck']
2018-04-13 17:12:56,675 - FPGrowth - INFO - Transaction id: 142 , Ordered Items : [0, 'o-neck', 'sleevless', 'solid']
2018-04-13 17:12:56,675 - FPGrowth - INFO - Transaction id: 143 , Ordered Items : ['o-neck', 'average', 'casual', 'sleevless', 1]
2018-04-13 17:12:56,675 - FPGrowth - INFO - Transaction id: 144 , Ordered Items : [0, 'natural', 'average', 'casual', 'sleevless', 1, 'solid']
2018-04-13 17:12:56,676 - FPGrowth - INFO - Transaction id: 145 , Ordered Items : ['o-neck', 'sleevless', 1]
2018-04-13 17:12:56,676 - FPGrowth - INFO - Transaction id: 146 , Ordered Items : [0, 'natural', 'casual', 'sleevless', 'solid']
2018-04-13 17:12:56,677 - FPGrowth - INFO - Transaction id: 147 , Ordered Items : [0, 'average', 'casual', 'solid']
2018-04-13 17:12:56,677 - FPGrowth - INFO - Transaction id: 148 , Ordered Items : [0, 'o-neck', 'average']
2018-04-13 17:12:56,678 - FPGrowth - INFO - Transaction id: 149 , Ordered Items : ['natural', 'o-neck', 'sleevless', 1, 'solid']
2018-04-13 17:12:56,680 - FPGrowth - INFO - Transaction id: 150 , Ordered Items : [0, 'natural', 'average', 'casual', 'sleevless', 'solid']
2018-04-13 17:12:56,681 - FPGrowth - INFO - Transaction id: 151 , Ordered Items : [0, 'natural']
2018-04-13 17:12:56,682 - FPGrowth - INFO - Transaction id: 152 , Ordered Items : ['natural', 'sleevless', 1, 'solid']
2018-04-13 17:12:56,682 - FPGrowth - INFO - Transaction id: 153 , Ordered Items : [0, 'natural', 'o-neck']
2018-04-13 17:12:56,683 - FPGrowth - INFO - Transaction id: 154 , Ordered Items : [0, 'casual', 1]
2018-04-13 17:12:56,684 - FPGrowth - INFO - Transaction id: 155 , Ordered Items : [0, 'natural', 'average', 'solid']
2018-04-13 17:12:56,685 - FPGrowth - INFO - Transaction id: 156 , Ordered Items : [0, 'natural', 'o-neck', 'casual', 'solid']
2018-04-13 17:12:56,687 - FPGrowth - INFO - Transaction id: 157 , Ordered Items : ['natural', 'o-neck', 'sleevless', 1, 'solid']
2018-04-13 17:12:56,687 - FPGrowth - INFO - Transaction id: 158 , Ordered Items : [0, 'o-neck', 'casual', 'sleevless']
2018-04-13 17:12:56,687 - FPGrowth - INFO - Transaction id: 159 , Ordered Items : ['sleevless', 1, 'solid']
2018-04-13 17:12:56,688 - FPGrowth - INFO - Transaction id: 160 , Ordered Items : [0, 'natural', 'o-neck', 'average', 'casual']
2018-04-13 17:12:56,688 - FPGrowth - INFO - Transaction id: 161 , Ordered Items : [0, 'natural', 'o-neck', 'average']
2018-04-13 17:12:56,688 - FPGrowth - INFO - Transaction id: 162 , Ordered Items : ['average', 'casual', 1, 'solid']
2018-04-13 17:12:56,688 - FPGrowth - INFO - Transaction id: 163 , Ordered Items : [0, 'natural', 'o-neck', 'average', 'sleevless']
2018-04-13 17:12:56,689 - FPGrowth - INFO - Transaction id: 164 , Ordered Items : [0, 'average', 1]
2018-04-13 17:12:56,689 - FPGrowth - INFO - Transaction id: 165 , Ordered Items : [0, 'natural', 'average', 'casual', 1, 'solid']
2018-04-13 17:12:56,689 - FPGrowth - INFO - Transaction id: 166 , Ordered Items : [0, 'o-neck', 'sleevless', 'solid']
2018-04-13 17:12:56,689 - FPGrowth - INFO - Transaction id: 167 , Ordered Items : [0, 'natural', 'average', 'sleevless', 'solid']
2018-04-13 17:12:56,689 - FPGrowth - INFO - Transaction id: 168 , Ordered Items : ['natural', 'o-neck', 'casual', 1]
2018-04-13 17:12:56,690 - FPGrowth - INFO - Transaction id: 169 , Ordered Items : [0, 'natural', 'o-neck', 'average', 'solid']
2018-04-13 17:12:56,690 - FPGrowth - INFO - Transaction id: 170 , Ordered Items : [0, 'natural', 'o-neck', 'casual', 'solid']
2018-04-13 17:12:56,690 - FPGrowth - INFO - Transaction id: 171 , Ordered Items : [0, 'o-neck', 'casual']
2018-04-13 17:12:56,690 - FPGrowth - INFO - Transaction id: 172 , Ordered Items : [0, 'natural', 'o-neck', 'solid']
2018-04-13 17:12:56,691 - FPGrowth - INFO - Transaction id: 173 , Ordered Items : [0, 'natural', 'average', 'casual', 'sleevless']
2018-04-13 17:12:56,691 - FPGrowth - INFO - Transaction id: 174 , Ordered Items : [0, 'natural', 'o-neck', 'average', 'sleevless']
2018-04-13 17:12:56,691 - FPGrowth - INFO - Transaction id: 175 , Ordered Items : [0, 'o-neck', 'casual', 'sleevless']
2018-04-13 17:12:56,691 - FPGrowth - INFO - Transaction id: 176 , Ordered Items : [0, 'natural', 'o-neck']
2018-04-13 17:12:56,691 - FPGrowth - INFO - Transaction id: 177 , Ordered Items : ['natural', 'o-neck', 'average', 1]
2018-04-13 17:12:56,692 - FPGrowth - INFO - Transaction id: 178 , Ordered Items : [0, 'o-neck']
2018-04-13 17:12:56,692 - FPGrowth - INFO - Transaction id: 179 , Ordered Items : [0]
2018-04-13 17:12:56,692 - FPGrowth - INFO - Transaction id: 180 , Ordered Items : ['natural', 'o-neck', 'average', 'casual', 1, 'solid']
2018-04-13 17:12:56,692 - FPGrowth - INFO - Transaction id: 181 , Ordered Items : ['sleevless', 1, 'solid']
2018-04-13 17:12:56,693 - FPGrowth - INFO - Transaction id: 182 , Ordered Items : [0, 'o-neck', 'casual', 'sleevless']
2018-04-13 17:12:56,693 - FPGrowth - INFO - Transaction id: 183 , Ordered Items : [0, 'natural', 'casual']
2018-04-13 17:12:56,693 - FPGrowth - INFO - Transaction id: 184 , Ordered Items : ['natural', 'sleevless', 1, 'solid']
2018-04-13 17:12:56,693 - FPGrowth - INFO - Transaction id: 185 , Ordered Items : [0, 'natural', 'average', 'solid']
2018-04-13 17:12:56,693 - FPGrowth - INFO - Transaction id: 186 , Ordered Items : [0, 'natural', 'o-neck', 'casual']
2018-04-13 17:12:56,694 - FPGrowth - INFO - Transaction id: 187 , Ordered Items : ['natural', 'sleevless', 1, 'solid']
2018-04-13 17:12:56,694 - FPGrowth - INFO - Transaction id: 188 , Ordered Items : [0, 'average', 'sleevless', 'solid']
2018-04-13 17:12:56,694 - FPGrowth - INFO - Transaction id: 189 , Ordered Items : ['natural', 'o-neck', 'casual', 1, 'solid']
2018-04-13 17:12:56,694 - FPGrowth - INFO - Transaction id: 190 , Ordered Items : ['natural', 'sleevless', 1, 'solid']
2018-04-13 17:12:56,695 - FPGrowth - INFO - Transaction id: 191 , Ordered Items : [0, 'o-neck', 'solid']
2018-04-13 17:12:56,695 - FPGrowth - INFO - Transaction id: 192 , Ordered Items : [0, 'natural', 'o-neck', 'average', 'solid']
2018-04-13 17:12:56,695 - FPGrowth - INFO - Transaction id: 193 , Ordered Items : [0, 'natural', 'o-neck', 'average']
2018-04-13 17:12:56,696 - FPGrowth - INFO - Transaction id: 194 , Ordered Items : [0, 'o-neck', 'average', 'casual']
2018-04-13 17:12:56,696 - FPGrowth - INFO - Transaction id: 195 , Ordered Items : ['natural', 'o-neck', 'casual', 1, 'solid']
2018-04-13 17:12:56,696 - FPGrowth - INFO - Transaction id: 196 , Ordered Items : [0, 'average', 'sleevless']
2018-04-13 17:12:56,696 - FPGrowth - INFO - Transaction id: 197 , Ordered Items : [0, 'natural', 'average', 'casual', 'sleevless']
2018-04-13 17:12:56,697 - FPGrowth - INFO - Transaction id: 198 , Ordered Items : [0, 'natural', 'o-neck', 'average']
2018-04-13 17:12:56,697 - FPGrowth - INFO - Transaction id: 199 , Ordered Items : [0, 'natural', 'o-neck', 'average', 'sleevless', 'solid']
2018-04-13 17:12:56,697 - FPGrowth - INFO - Transaction id: 200 , Ordered Items : [0, 'natural', 'average', 'casual']
2018-04-13 17:12:56,697 - FPGrowth - INFO - Transaction id: 201 , Ordered Items : ['average', 'casual', 1]
2018-04-13 17:12:56,698 - FPGrowth - INFO - Transaction id: 202 , Ordered Items : [0, 'natural', 'o-neck', 'average', 'casual']
2018-04-13 17:12:56,698 - FPGrowth - INFO - Transaction id: 203 , Ordered Items : ['average', 'sleevless', 1, 'solid']
2018-04-13 17:12:56,698 - FPGrowth - INFO - Transaction id: 204 , Ordered Items : [0, 'natural', 'average', 'solid']
2018-04-13 17:12:56,698 - FPGrowth - INFO - Transaction id: 205 , Ordered Items : [0, 'average', 'casual', 'sleevless']
2018-04-13 17:12:56,698 - FPGrowth - INFO - Transaction id: 206 , Ordered Items : [0, 'o-neck', 'average', 'sleevless', 'solid']
2018-04-13 17:12:56,699 - FPGrowth - INFO - Transaction id: 207 , Ordered Items : [0, 'natural', 'o-neck', 'average', 'casual', 1, 'solid']
2018-04-13 17:12:56,699 - FPGrowth - INFO - Transaction id: 208 , Ordered Items : [0, 'natural', 'o-neck', 'average', 'sleevless']
2018-04-13 17:12:56,699 - FPGrowth - INFO - Transaction id: 209 , Ordered Items : [0, 'natural', 'o-neck']
2018-04-13 17:12:56,699 - FPGrowth - INFO - Transaction id: 210 , Ordered Items : ['casual', 'sleevless', 1]
2018-04-13 17:12:56,699 - FPGrowth - INFO - Transaction id: 211 , Ordered Items : ['natural', 'o-neck', 'average', 'casual', 'sleevless', 1, 'solid']
2018-04-13 17:12:56,700 - FPGrowth - INFO - Transaction id: 212 , Ordered Items : [0, 'natural', 'o-neck', 'average', 'casual', 'sleevless']
2018-04-13 17:12:56,700 - FPGrowth - INFO - Transaction id: 213 , Ordered Items : [0]
2018-04-13 17:12:56,700 - FPGrowth - INFO - Transaction id: 214 , Ordered Items : ['natural', 'average', 'casual', 1]
2018-04-13 17:12:56,700 - FPGrowth - INFO - Transaction id: 215 , Ordered Items : [0, 'natural', 'o-neck', 'average', 'casual']
2018-04-13 17:12:56,701 - FPGrowth - INFO - Transaction id: 216 , Ordered Items : [0, 'natural']
2018-04-13 17:12:56,701 - FPGrowth - INFO - Transaction id: 217 , Ordered Items : ['natural', 'o-neck', 'casual', 1, 'solid']
2018-04-13 17:12:56,701 - FPGrowth - INFO - Transaction id: 218 , Ordered Items : [0, 'o-neck', 'casual']
2018-04-13 17:12:56,701 - FPGrowth - INFO - Transaction id: 219 , Ordered Items : ['natural', 'o-neck', 'average', 'casual', 'sleevless', 1, 'solid']
2018-04-13 17:12:56,701 - FPGrowth - INFO - Transaction id: 220 , Ordered Items : [0, 'casual']
2018-04-13 17:12:56,702 - FPGrowth - INFO - Transaction id: 221 , Ordered Items : ['o-neck', 'average', 'casual', 1]
2018-04-13 17:12:56,702 - FPGrowth - INFO - Transaction id: 222 , Ordered Items : [0, 'o-neck', 'average', 'casual', 'sleevless', 'solid']
2018-04-13 17:12:56,702 - FPGrowth - INFO - Transaction id: 223 , Ordered Items : ['natural', 'o-neck', 'casual', 'sleevless', 1]
2018-04-13 17:12:56,703 - FPGrowth - INFO - Transaction id: 224 , Ordered Items : [0, 'o-neck', 'average', 'casual', 'sleevless']
2018-04-13 17:12:56,703 - FPGrowth - INFO - Transaction id: 225 , Ordered Items : [0, 'natural', 'sleevless', 'solid']
2018-04-13 17:12:56,703 - FPGrowth - INFO - Transaction id: 226 , Ordered Items : [0, 'natural', 'o-neck', 'casual', 'sleevless']
2018-04-13 17:12:56,703 - FPGrowth - INFO - Transaction id: 227 , Ordered Items : ['average', 'casual', 1]
2018-04-13 17:12:56,703 - FPGrowth - INFO - Transaction id: 228 , Ordered Items : [0, 'average', 'casual', 'sleevless']
2018-04-13 17:12:56,704 - FPGrowth - INFO - Transaction id: 229 , Ordered Items : ['natural', 1]
2018-04-13 17:12:56,704 - FPGrowth - INFO - Transaction id: 230 , Ordered Items : [0, 'natural', 'average', 'casual']
2018-04-13 17:12:56,704 - FPGrowth - INFO - Transaction id: 231 , Ordered Items : [0, 'natural', 'average', 'casual']
2018-04-13 17:12:56,704 - FPGrowth - INFO - Transaction id: 232 , Ordered Items : [0, 'natural', 'o-neck', 'casual', 'sleevless']
2018-04-13 17:12:56,705 - FPGrowth - INFO - Transaction id: 233 , Ordered Items : [0, 'natural', 'o-neck', 'average', 'solid']
2018-04-13 17:12:56,705 - FPGrowth - INFO - Transaction id: 234 , Ordered Items : ['o-neck', 'casual', 'sleevless', 1]
2018-04-13 17:12:56,705 - FPGrowth - INFO - Transaction id: 235 , Ordered Items : [0, 'o-neck', 'average', 'casual']
2018-04-13 17:12:56,705 - FPGrowth - INFO - Transaction id: 236 , Ordered Items : ['average', 'sleevless', 1, 'solid']
2018-04-13 17:12:56,706 - FPGrowth - INFO - Transaction id: 237 , Ordered Items : ['o-neck', 'casual', 'sleevless', 1]
2018-04-13 17:12:56,706 - FPGrowth - INFO - Transaction id: 238 , Ordered Items : [0, 'natural', 'o-neck', 'average', 'casual', 'sleevless', 'solid']
2018-04-13 17:12:56,706 - FPGrowth - INFO - Transaction id: 239 , Ordered Items : ['natural', 'o-neck', 'casual', 1, 'solid']
2018-04-13 17:12:56,706 - FPGrowth - INFO - Transaction id: 240 , Ordered Items : [0, 'average', 'casual', 'sleevless']
2018-04-13 17:12:56,706 - FPGrowth - INFO - Transaction id: 241 , Ordered Items : [0, 'natural', 'average', 'sleevless']
2018-04-13 17:12:56,707 - FPGrowth - INFO - Transaction id: 242 , Ordered Items : [0, 'natural', 'average', 'casual', 'solid']
2018-04-13 17:12:56,707 - FPGrowth - INFO - Transaction id: 243 , Ordered Items : ['natural', 'o-neck', 'average', 'casual', 1]
2018-04-13 17:12:56,707 - FPGrowth - INFO - Transaction id: 244 , Ordered Items : [0, 'natural', 'o-neck', 'average', 'casual', 1, 'solid']
2018-04-13 17:12:56,707 - FPGrowth - INFO - Transaction id: 245 , Ordered Items : [0, 'natural', 'o-neck', 'casual', 'sleevless']
2018-04-13 17:12:56,708 - FPGrowth - INFO - Transaction id: 246 , Ordered Items : ['natural', 'average', 'casual', 1]
2018-04-13 17:12:56,708 - FPGrowth - INFO - Transaction id: 247 , Ordered Items : [0, 'natural', 'o-neck', 'casual', 'solid']
2018-04-13 17:12:56,708 - FPGrowth - INFO - Transaction id: 248 , Ordered Items : [0, 'natural', 'o-neck', 'average', 'casual', 'sleevless']
2018-04-13 17:12:56,708 - FPGrowth - INFO - Transaction id: 249 , Ordered Items : [0, 'natural', 'o-neck', 'casual', 'solid']
2018-04-13 17:12:56,709 - FPGrowth - INFO - Transaction id: 250 , Ordered Items : [0, 'natural', 'o-neck', 'casual']
2018-04-13 17:12:56,709 - FPGrowth - INFO - Transaction id: 251 , Ordered Items : [0, 'sleevless']
2018-04-13 17:12:56,709 - FPGrowth - INFO - Transaction id: 252 , Ordered Items : ['natural', 'sleevless', 1]
2018-04-13 17:12:56,709 - FPGrowth - INFO - Transaction id: 253 , Ordered Items : ['average', 'casual', 'sleevless', 1]
2018-04-13 17:12:56,710 - FPGrowth - INFO - Transaction id: 254 , Ordered Items : [0, 'natural', 'sleevless']
2018-04-13 17:12:56,710 - FPGrowth - INFO - Transaction id: 255 , Ordered Items : [0]
2018-04-13 17:12:56,710 - FPGrowth - INFO - Transaction id: 256 , Ordered Items : ['casual', 1]
2018-04-13 17:12:56,710 - FPGrowth - INFO - Transaction id: 257 , Ordered Items : [0, 'natural', 1]
2018-04-13 17:12:56,711 - FPGrowth - INFO - Transaction id: 258 , Ordered Items : [0, 'natural', 'sleevless']
2018-04-13 17:12:56,711 - FPGrowth - INFO - Transaction id: 259 , Ordered Items : [0, 'sleevless']
2018-04-13 17:12:56,711 - FPGrowth - INFO - Transaction id: 260 , Ordered Items : ['o-neck', 'average', 1]
2018-04-13 17:12:56,711 - FPGrowth - INFO - Transaction id: 261 , Ordered Items : [0, 'natural']
2018-04-13 17:12:56,711 - FPGrowth - INFO - Transaction id: 262 , Ordered Items : ['o-neck', 'sleevless', 1]
2018-04-13 17:12:56,712 - FPGrowth - INFO - Transaction id: 263 , Ordered Items : [1]
2018-04-13 17:12:56,712 - FPGrowth - INFO - Transaction id: 264 , Ordered Items : [1]
2018-04-13 17:12:56,712 - FPGrowth - INFO - Transaction id: 265 , Ordered Items : [0, 'natural', 'sleevless']
2018-04-13 17:12:56,713 - FPGrowth - INFO - Transaction id: 266 , Ordered Items : ['natural', 'average', 'sleevless', 1]
2018-04-13 17:12:56,713 - FPGrowth - INFO - Transaction id: 267 , Ordered Items : ['sleevless', 1]
2018-04-13 17:12:56,713 - FPGrowth - INFO - Transaction id: 268 , Ordered Items : [0, 'natural', 'sleevless', 1]
2018-04-13 17:12:56,713 - FPGrowth - INFO - Transaction id: 269 , Ordered Items : [0, 'sleevless']
2018-04-13 17:12:56,714 - FPGrowth - INFO - Transaction id: 270 , Ordered Items : ['average', 'sleevless', 1]
2018-04-13 17:12:56,714 - FPGrowth - INFO - Transaction id: 271 , Ordered Items : [0]
2018-04-13 17:12:56,714 - FPGrowth - INFO - Transaction id: 272 , Ordered Items : ['natural', 'sleevless', 1]
2018-04-13 17:12:56,714 - FPGrowth - INFO - Transaction id: 273 , Ordered Items : ['sleevless', 1]
2018-04-13 17:12:56,714 - FPGrowth - INFO - Transaction id: 274 , Ordered Items : ['sleevless', 1]
2018-04-13 17:12:56,715 - FPGrowth - INFO - Transaction id: 275 , Ordered Items : ['o-neck', 'casual', 'sleevless', 1]
2018-04-13 17:12:56,715 - FPGrowth - INFO - Transaction id: 276 , Ordered Items : ['natural', 1]
2018-04-13 17:12:56,715 - FPGrowth - INFO - Transaction id: 277 , Ordered Items : [0, 'natural', 'o-neck', 1]
2018-04-13 17:12:56,715 - FPGrowth - INFO - Transaction id: 278 , Ordered Items : ['casual', 'sleevless', 1]
2018-04-13 17:12:56,716 - FPGrowth - INFO - Transaction id: 279 , Ordered Items : [0, 'o-neck', 'average', 'sleevless']
2018-04-13 17:12:56,716 - FPGrowth - INFO - Transaction id: 280 , Ordered Items : ['sleevless', 1]
2018-04-13 17:12:56,716 - FPGrowth - INFO - Transaction id: 281 , Ordered Items : [1]
2018-04-13 17:12:56,716 - FPGrowth - INFO - Transaction id: 282 , Ordered Items : ['average', 'sleevless', 1, 'solid']
2018-04-13 17:12:56,716 - FPGrowth - INFO - Transaction id: 283 , Ordered Items : ['sleevless', 1]
2018-04-13 17:12:56,717 - FPGrowth - INFO - Transaction id: 284 , Ordered Items : ['natural', 'sleevless', 1]
2018-04-13 17:12:56,717 - FPGrowth - INFO - Transaction id: 285 , Ordered Items : ['o-neck', 'sleevless', 1]
2018-04-13 17:12:56,717 - FPGrowth - INFO - Transaction id: 286 , Ordered Items : ['average', 'sleevless', 1, 'solid']
2018-04-13 17:12:56,717 - FPGrowth - INFO - Transaction id: 287 , Ordered Items : ['o-neck', 'average', 'sleevless', 1]
2018-04-13 17:12:56,717 - FPGrowth - INFO - Transaction id: 288 , Ordered Items : ['natural', 'sleevless', 1]
2018-04-13 17:12:56,717 - FPGrowth - INFO - Transaction id: 289 , Ordered Items : ['natural', 'o-neck', 'sleevless', 1]
2018-04-13 17:12:56,718 - FPGrowth - INFO - Transaction id: 290 , Ordered Items : ['sleevless', 1]
2018-04-13 17:12:56,734 - FPGrowth - INFO - Transaction id: 291 , Ordered Items : [0, 1]
2018-04-13 17:12:56,734 - FPGrowth - INFO - Transaction id: 292 , Ordered Items : [0, 'o-neck', 'average']
2018-04-13 17:12:56,734 - FPGrowth - INFO - Transaction id: 293 , Ordered Items : ['sleevless', 1]
2018-04-13 17:12:56,735 - FPGrowth - INFO - Transaction id: 294 , Ordered Items : ['natural', 'casual', 'sleevless', 1]
2018-04-13 17:12:56,735 - FPGrowth - INFO - Transaction id: 295 , Ordered Items : [0, 'o-neck', 'casual']
2018-04-13 17:12:56,736 - FPGrowth - INFO - Transaction id: 296 , Ordered Items : ['natural', 'o-neck', 'casual', 'sleevless', 1]
2018-04-13 17:12:56,736 - FPGrowth - INFO - Transaction id: 297 , Ordered Items : [0, 'natural', 'average', 'sleevless', 1]
2018-04-13 17:12:56,736 - FPGrowth - INFO - Transaction id: 298 , Ordered Items : ['average', 'casual', 'sleevless', 1]
2018-04-13 17:12:56,737 - FPGrowth - INFO - Transaction id: 299 , Ordered Items : ['natural', 'o-neck', 'casual', 1]
2018-04-13 17:12:56,737 - FPGrowth - INFO - Transaction id: 300 , Ordered Items : ['natural', 'casual', 'sleevless', 1]
2018-04-13 17:12:56,737 - FPGrowth - INFO - Transaction id: 301 , Ordered Items : ['o-neck', 'sleevless', 1]
2018-04-13 17:12:56,737 - FPGrowth - INFO - Transaction id: 302 , Ordered Items : [0, 'natural', 'o-neck', 'average', 'casual', 'sleevless']
2018-04-13 17:12:56,738 - FPGrowth - INFO - Transaction id: 303 , Ordered Items : [0, 'natural', 'o-neck', 'average']
2018-04-13 17:12:56,738 - FPGrowth - INFO - Transaction id: 304 , Ordered Items : [0, 'o-neck', 'average']
2018-04-13 17:12:56,738 - FPGrowth - INFO - Transaction id: 305 , Ordered Items : [0, 'average']
2018-04-13 17:12:56,739 - FPGrowth - INFO - Transaction id: 306 , Ordered Items : [0, 'average']
2018-04-13 17:12:56,739 - FPGrowth - INFO - Transaction id: 307 , Ordered Items : [0, 'natural', 'o-neck', 'casual']
2018-04-13 17:12:56,739 - FPGrowth - INFO - Transaction id: 308 , Ordered Items : [0, 'natural', 'o-neck', 'average', 'casual']
2018-04-13 17:12:56,739 - FPGrowth - INFO - Transaction id: 309 , Ordered Items : [1]
2018-04-13 17:12:56,740 - FPGrowth - INFO - Transaction id: 310 , Ordered Items : [0, 'natural', 'average', 'casual']
2018-04-13 17:12:56,740 - FPGrowth - INFO - Transaction id: 311 , Ordered Items : [0, 'average', 'casual', 'sleevless']
2018-04-13 17:12:56,740 - FPGrowth - INFO - Transaction id: 312 , Ordered Items : [0, 'natural', 'o-neck', 'average', 'solid']
2018-04-13 17:12:56,740 - FPGrowth - INFO - Transaction id: 313 , Ordered Items : [0, 'casual', 'sleevless']
2018-04-13 17:12:56,741 - FPGrowth - INFO - Transaction id: 314 , Ordered Items : [0, 'natural', 'average', 'casual', 'sleevless']
2018-04-13 17:12:56,741 - FPGrowth - INFO - Transaction id: 315 , Ordered Items : ['natural', 'o-neck', 'average', 'casual', 'sleevless', 1]
2018-04-13 17:12:56,741 - FPGrowth - INFO - Transaction id: 316 , Ordered Items : [0, 'sleevless']
2018-04-13 17:12:56,741 - FPGrowth - INFO - Transaction id: 317 , Ordered Items : [0, 'natural', 'o-neck', 'sleevless']
2018-04-13 17:12:56,742 - FPGrowth - INFO - Transaction id: 318 , Ordered Items : ['natural', 'average', 1]
2018-04-13 17:12:56,742 - FPGrowth - INFO - Transaction id: 319 , Ordered Items : [0, 'natural', 'o-neck', 'average', 'sleevless', 'solid']
2018-04-13 17:12:56,742 - FPGrowth - INFO - Transaction id: 320 , Ordered Items : [0, 'natural', 'o-neck', 'average', 'sleevless', 1]
2018-04-13 17:12:56,743 - FPGrowth - INFO - Transaction id: 321 , Ordered Items : [0, 'average', 'sleevless', 'solid']
2018-04-13 17:12:56,744 - FPGrowth - INFO - Transaction id: 322 , Ordered Items : ['natural', 'o-neck', 1]
2018-04-13 17:12:56,746 - FPGrowth - INFO - Transaction id: 323 , Ordered Items : ['natural', 'casual', 1, 'solid']
2018-04-13 17:12:56,747 - FPGrowth - INFO - Transaction id: 324 , Ordered Items : [0, 'natural', 'o-neck', 'average', 'casual', 'solid']
2018-04-13 17:12:56,748 - FPGrowth - INFO - Transaction id: 325 , Ordered Items : [0, 'natural', 'casual', 'sleevless']
2018-04-13 17:12:56,749 - FPGrowth - INFO - Transaction id: 326 , Ordered Items : ['natural', 'o-neck', 1]
2018-04-13 17:12:56,750 - FPGrowth - INFO - Transaction id: 327 , Ordered Items : [0, 'natural', 'casual', 'sleevless']
2018-04-13 17:12:56,751 - FPGrowth - INFO - Transaction id: 328 , Ordered Items : ['natural', 'o-neck', 'casual', 1, 'solid']
2018-04-13 17:12:56,753 - FPGrowth - INFO - Transaction id: 329 , Ordered Items : [0, 'natural', 'average', 'solid']
2018-04-13 17:12:56,753 - FPGrowth - INFO - Transaction id: 330 , Ordered Items : [0, 'natural', 'o-neck', 'average', 1]
2018-04-13 17:12:56,754 - FPGrowth - INFO - Transaction id: 331 , Ordered Items : [0, 'o-neck', 'sleevless', 1]
2018-04-13 17:12:56,754 - FPGrowth - INFO - Transaction id: 332 , Ordered Items : [0, 'natural', 'sleevless', 'solid']
2018-04-13 17:12:56,754 - FPGrowth - INFO - Transaction id: 333 , Ordered Items : [0, 'sleevless', 'solid']
2018-04-13 17:12:56,754 - FPGrowth - INFO - Transaction id: 334 , Ordered Items : [0, 'natural', 'o-neck', 'casual', 'sleevless', 'solid']
2018-04-13 17:12:56,755 - FPGrowth - INFO - Transaction id: 335 , Ordered Items : [0, 'natural', 'o-neck', 'average', 'casual', 'sleevless']
2018-04-13 17:12:56,755 - FPGrowth - INFO - Transaction id: 336 , Ordered Items : [0, 'natural', 'o-neck', 'casual']
2018-04-13 17:12:56,755 - FPGrowth - INFO - Transaction id: 337 , Ordered Items : [0, 'natural', 'o-neck', 'casual', 'sleevless']
2018-04-13 17:12:56,756 - FPGrowth - INFO - Transaction id: 338 , Ordered Items : [0, 'natural', 'average', 'solid']
2018-04-13 17:12:56,756 - FPGrowth - INFO - Transaction id: 339 , Ordered Items : ['natural', 'o-neck', 1, 'solid']
2018-04-13 17:12:56,756 - FPGrowth - INFO - Transaction id: 340 , Ordered Items : [0, 'natural', 'o-neck', 'casual']
2018-04-13 17:12:56,756 - FPGrowth - INFO - Transaction id: 341 , Ordered Items : ['o-neck', 'casual', 1]
2018-04-13 17:12:56,757 - FPGrowth - INFO - Transaction id: 342 , Ordered Items : [0, 'natural', 'o-neck', 'average', 'casual', 'sleevless']
2018-04-13 17:12:56,757 - FPGrowth - INFO - Transaction id: 343 , Ordered Items : ['natural', 'o-neck', 'sleevless', 1, 'solid']
2018-04-13 17:12:56,757 - FPGrowth - INFO - Transaction id: 344 , Ordered Items : ['o-neck', 'average', 'casual', 1]
2018-04-13 17:12:56,757 - FPGrowth - INFO - Transaction id: 345 , Ordered Items : [0, 'average', 'casual']
2018-04-13 17:12:56,758 - FPGrowth - INFO - Transaction id: 346 , Ordered Items : [0, 'casual', 'solid']
2018-04-13 17:12:56,758 - FPGrowth - INFO - Transaction id: 347 , Ordered Items : [0, 'natural', 'average', 'sleevless', 'solid']
2018-04-13 17:12:56,758 - FPGrowth - INFO - Transaction id: 348 , Ordered Items : ['natural', 'o-neck', 'casual', 'sleevless', 1]
2018-04-13 17:12:56,758 - FPGrowth - INFO - Transaction id: 349 , Ordered Items : [0, 'casual', 'solid']
2018-04-13 17:12:56,759 - FPGrowth - INFO - Transaction id: 350 , Ordered Items : [0, 'natural', 'o-neck', 'casual', 'sleevless']
2018-04-13 17:12:56,760 - FPGrowth - INFO - Transaction id: 351 , Ordered Items : [0, 'natural', 'average', 'casual', 'solid']
2018-04-13 17:12:56,760 - FPGrowth - INFO - Transaction id: 352 , Ordered Items : [0, 'average', 'casual', 1, 'solid']
2018-04-13 17:12:56,760 - FPGrowth - INFO - Transaction id: 353 , Ordered Items : ['natural', 'o-neck', 'casual', 1]
2018-04-13 17:12:56,760 - FPGrowth - INFO - Transaction id: 354 , Ordered Items : [0, 'o-neck', 'average', 'casual', 'solid']
2018-04-13 17:12:56,760 - FPGrowth - INFO - Transaction id: 355 , Ordered Items : [0, 'sleevless']
2018-04-13 17:12:56,761 - FPGrowth - INFO - Transaction id: 356 , Ordered Items : [0, 'natural', 'solid']
2018-04-13 17:12:56,761 - FPGrowth - INFO - Transaction id: 357 , Ordered Items : [0, 'sleevless']
2018-04-13 17:12:56,761 - FPGrowth - INFO - Transaction id: 358 , Ordered Items : ['o-neck', 'sleevless', 1]
2018-04-13 17:12:56,761 - FPGrowth - INFO - Transaction id: 359 , Ordered Items : [0, 'natural', 'o-neck', 'casual', 'solid']
2018-04-13 17:12:56,762 - FPGrowth - INFO - Transaction id: 360 , Ordered Items : [0, 'average', 'sleevless']
2018-04-13 17:12:56,762 - FPGrowth - INFO - Transaction id: 361 , Ordered Items : [0, 'natural', 'o-neck', 'average', 'sleevless']
2018-04-13 17:12:56,762 - FPGrowth - INFO - Transaction id: 362 , Ordered Items : [0, 'natural', 'o-neck', 'sleevless', 1]
2018-04-13 17:12:56,762 - FPGrowth - INFO - Transaction id: 363 , Ordered Items : ['natural', 'o-neck', 'average', 'casual', 'sleevless', 1]
2018-04-13 17:12:56,763 - FPGrowth - INFO - Transaction id: 364 , Ordered Items : ['average', 'casual', 1]
2018-04-13 17:12:56,763 - FPGrowth - INFO - Transaction id: 365 , Ordered Items : [0, 'natural', 'average', 'solid']
2018-04-13 17:12:56,763 - FPGrowth - INFO - Transaction id: 366 , Ordered Items : [0, 'natural', 'o-neck', 'average', 'sleevless', 'solid']
2018-04-13 17:12:56,764 - FPGrowth - INFO - Transaction id: 367 , Ordered Items : [0, 'average', 'sleevless', 'solid']
2018-04-13 17:12:56,764 - FPGrowth - INFO - Transaction id: 368 , Ordered Items : [0, 'natural', 'o-neck', 'average', 'casual', 'sleevless']
2018-04-13 17:12:56,764 - FPGrowth - INFO - Transaction id: 369 , Ordered Items : [0, 'natural', 'average']
2018-04-13 17:12:56,764 - FPGrowth - INFO - Transaction id: 370 , Ordered Items : [0, 'natural', 'o-neck', 'average', 'casual', 'sleevless', 'solid']
2018-04-13 17:12:56,765 - FPGrowth - INFO - Transaction id: 371 , Ordered Items : [0, 'natural', 'sleevless']
2018-04-13 17:12:56,765 - FPGrowth - INFO - Transaction id: 372 , Ordered Items : [0, 'average', 'casual', 'solid']
2018-04-13 17:12:56,765 - FPGrowth - INFO - Transaction id: 373 , Ordered Items : [0, 'o-neck', 'casual', 1]
2018-04-13 17:12:56,765 - FPGrowth - INFO - Transaction id: 374 , Ordered Items : ['natural', 'average', 'sleevless', 1]
2018-04-13 17:12:56,766 - FPGrowth - INFO - Transaction id: 375 , Ordered Items : [0, 'natural', 'casual', 'sleevless']
2018-04-13 17:12:56,766 - FPGrowth - INFO - Transaction id: 376 , Ordered Items : ['average', 'sleevless', 1]
2018-04-13 17:12:56,766 - FPGrowth - INFO - Transaction id: 377 , Ordered Items : ['natural', 'average', 1, 'solid']
2018-04-13 17:12:56,767 - FPGrowth - INFO - Transaction id: 378 , Ordered Items : [0, 'natural', 'o-neck', 'casual', 'sleevless']
2018-04-13 17:12:56,767 - FPGrowth - INFO - Transaction id: 379 , Ordered Items : ['natural', 'average', 'casual', 'sleevless', 1]
2018-04-13 17:12:56,768 - FPGrowth - INFO - Transaction id: 380 , Ordered Items : [0, 'natural', 'o-neck', 'casual', 'solid']
2018-04-13 17:12:56,768 - FPGrowth - INFO - Transaction id: 381 , Ordered Items : [0, 'natural', 'o-neck', 'average', 'casual', 'solid']
2018-04-13 17:12:56,768 - FPGrowth - INFO - Transaction id: 382 , Ordered Items : [0, 'natural', 'o-neck', 'average']
2018-04-13 17:12:56,768 - FPGrowth - INFO - Transaction id: 383 , Ordered Items : ['natural', 'o-neck', 'casual', 1]
2018-04-13 17:12:56,769 - FPGrowth - INFO - Transaction id: 384 , Ordered Items : ['casual', 'sleevless', 1, 'solid']
2018-04-13 17:12:56,769 - FPGrowth - INFO - Transaction id: 385 , Ordered Items : [0, 'o-neck', 'sleevless']
2018-04-13 17:12:56,769 - FPGrowth - INFO - Transaction id: 386 , Ordered Items : [0, 'natural', 'o-neck', 'average', 'sleevless']
2018-04-13 17:12:56,769 - FPGrowth - INFO - Transaction id: 387 , Ordered Items : ['natural', 'o-neck', 'casual', 1, 'solid']
2018-04-13 17:12:56,770 - FPGrowth - INFO - Transaction id: 388 , Ordered Items : [0, 'natural', 'average', 'sleevless', 1, 'solid']
2018-04-13 17:12:56,770 - FPGrowth - INFO - Transaction id: 389 , Ordered Items : [0, 'o-neck', 'average']
2018-04-13 17:12:56,770 - FPGrowth - INFO - Transaction id: 390 , Ordered Items : [0, 'natural', 'o-neck', 'average', 'casual']
2018-04-13 17:12:56,770 - FPGrowth - INFO - Transaction id: 391 , Ordered Items : [0, 'natural', 'o-neck']
2018-04-13 17:12:56,771 - FPGrowth - INFO - Transaction id: 392 , Ordered Items : [0, 'sleevless', 1]
2018-04-13 17:12:56,771 - FPGrowth - INFO - Transaction id: 393 , Ordered Items : [0, 'o-neck', 'average', 'casual']
2018-04-13 17:12:56,771 - FPGrowth - INFO - Transaction id: 394 , Ordered Items : [0, 'natural', 'o-neck', 'casual', 'solid']
2018-04-13 17:12:56,771 - FPGrowth - INFO - Transaction id: 395 , Ordered Items : ['o-neck', 'average', 1]
2018-04-13 17:12:56,772 - FPGrowth - INFO - Transaction id: 396 , Ordered Items : [0, 'natural', 'o-neck', 'average', 'casual', 'solid']
2018-04-13 17:12:56,772 - FPGrowth - INFO - Transaction id: 397 , Ordered Items : [0, 'natural']
2018-04-13 17:12:56,772 - FPGrowth - INFO - Transaction id: 398 , Ordered Items : [0, 'natural', 'casual', 1, 'solid']
2018-04-13 17:12:56,773 - FPGrowth - INFO - Transaction id: 399 , Ordered Items : [0, 'o-neck', 'average', 'casual', 'sleevless', 'solid']
2018-04-13 17:12:56,773 - FPGrowth - INFO - Transaction id: 400 , Ordered Items : [0, 'natural', 'o-neck']
2018-04-13 17:12:56,773 - FPGrowth - INFO - Transaction id: 401 , Ordered Items : [0, 'casual', 1, 'solid']
2018-04-13 17:12:56,773 - FPGrowth - INFO - Transaction id: 402 , Ordered Items : [0, 'o-neck', 'average', 'casual']
2018-04-13 17:12:56,774 - FPGrowth - INFO - Transaction id: 403 , Ordered Items : [0, 'natural', 'o-neck', 'average', 1]
2018-04-13 17:12:56,774 - FPGrowth - INFO - Transaction id: 404 , Ordered Items : [0, 'natural', 'average', 'solid']
2018-04-13 17:12:56,774 - FPGrowth - INFO - Transaction id: 405 , Ordered Items : [0, 'natural', 'average', 'sleevless']
2018-04-13 17:12:56,774 - FPGrowth - INFO - Transaction id: 406 , Ordered Items : [0, 'average', 'casual']
2018-04-13 17:12:56,775 - FPGrowth - INFO - Transaction id: 407 , Ordered Items : ['natural', 'o-neck', 'casual', 1]
2018-04-13 17:12:56,775 - FPGrowth - INFO - Transaction id: 408 , Ordered Items : [0, 'natural', 'o-neck', 'average', 'casual', 'sleevless', 'solid']
2018-04-13 17:12:56,776 - FPGrowth - INFO - Transaction id: 409 , Ordered Items : [0, 'average', 'casual', 1, 'solid']
2018-04-13 17:12:56,776 - FPGrowth - INFO - Transaction id: 410 , Ordered Items : ['natural', 'o-neck', 'casual', 'sleevless', 1, 'solid']
2018-04-13 17:12:56,776 - FPGrowth - INFO - Transaction id: 411 , Ordered Items : [0, 'average', 1]
2018-04-13 17:12:56,777 - FPGrowth - INFO - Transaction id: 412 , Ordered Items : [0, 'natural', 'o-neck', 'casual', 'sleevless']
2018-04-13 17:12:56,777 - FPGrowth - INFO - Transaction id: 413 , Ordered Items : [0, 'natural', 'average']
2018-04-13 17:12:56,777 - FPGrowth - INFO - Transaction id: 414 , Ordered Items : ['natural', 'o-neck', 'casual', 1]
2018-04-13 17:12:56,777 - FPGrowth - INFO - Transaction id: 415 , Ordered Items : [0, 'natural', 'o-neck', 'average', 'sleevless', 'solid']
2018-04-13 17:12:56,777 - FPGrowth - INFO - Transaction id: 416 , Ordered Items : ['o-neck', 'average', 1, 'solid']
2018-04-13 17:12:56,778 - FPGrowth - INFO - Transaction id: 417 , Ordered Items : [0, 'natural', 'sleevless', 'solid']
2018-04-13 17:12:56,778 - FPGrowth - INFO - Transaction id: 418 , Ordered Items : [0, 'o-neck', 'sleevless', 'solid']
2018-04-13 17:12:56,778 - FPGrowth - INFO - Transaction id: 419 , Ordered Items : ['natural', 'o-neck', 1]
2018-04-13 17:12:56,778 - FPGrowth - INFO - Transaction id: 420 , Ordered Items : [0, 'o-neck', 'average']
2018-04-13 17:12:56,779 - FPGrowth - INFO - Transaction id: 421 , Ordered Items : [0, 'natural', 'o-neck', 'casual', 'solid']
2018-04-13 17:12:56,779 - FPGrowth - INFO - Transaction id: 422 , Ordered Items : ['natural', 'o-neck', 'average', 'casual', 'sleevless', 1]
2018-04-13 17:12:56,779 - FPGrowth - INFO - Transaction id: 423 , Ordered Items : [0, 'o-neck', 'average', 'casual']
2018-04-13 17:12:56,779 - FPGrowth - INFO - Transaction id: 424 , Ordered Items : ['natural', 1]
2018-04-13 17:12:56,780 - FPGrowth - INFO - Transaction id: 425 , Ordered Items : [0, 'o-neck', 'average', 'casual', 'sleevless']
2018-04-13 17:12:56,780 - FPGrowth - INFO - Transaction id: 426 , Ordered Items : [0, 'average', 'casual']
2018-04-13 17:12:56,780 - FPGrowth - INFO - Transaction id: 427 , Ordered Items : [0, 'natural', 'o-neck', 'average', 'casual', 'sleevless']
2018-04-13 17:12:56,780 - FPGrowth - INFO - Transaction id: 428 , Ordered Items : [0, 'natural', 'o-neck', 'sleevless', 'solid']
2018-04-13 17:12:56,781 - FPGrowth - INFO - Transaction id: 429 , Ordered Items : [0, 'natural', 'sleevless', 'solid']
2018-04-13 17:12:56,781 - FPGrowth - INFO - Transaction id: 430 , Ordered Items : [0, 'natural', 'average', 1, 'solid']
2018-04-13 17:12:56,781 - FPGrowth - INFO - Transaction id: 431 , Ordered Items : [0, 'natural', 'average', 'solid']
2018-04-13 17:12:56,781 - FPGrowth - INFO - Transaction id: 432 , Ordered Items : ['natural', 'average', 'casual', 1]
2018-04-13 17:12:56,782 - FPGrowth - INFO - Transaction id: 433 , Ordered Items : [0, 'natural', 'average', 'casual', 'solid']
2018-04-13 17:12:56,782 - FPGrowth - INFO - Transaction id: 434 , Ordered Items : [0, 'natural', 'average', 'casual']
2018-04-13 17:12:56,782 - FPGrowth - INFO - Transaction id: 435 , Ordered Items : [0, 'casual', 'sleevless']
2018-04-13 17:12:56,783 - FPGrowth - INFO - Transaction id: 436 , Ordered Items : [0, 'o-neck', 'average']
2018-04-13 17:12:56,783 - FPGrowth - INFO - Transaction id: 437 , Ordered Items : [0, 'natural', 'sleevless', 'solid']
2018-04-13 17:12:56,783 - FPGrowth - INFO - Transaction id: 438 , Ordered Items : ['o-neck', 'sleevless', 1]
2018-04-13 17:12:56,784 - FPGrowth - INFO - Transaction id: 439 , Ordered Items : ['natural', 'o-neck', 'casual', 1, 'solid']
2018-04-13 17:12:56,784 - FPGrowth - INFO - Transaction id: 440 , Ordered Items : ['o-neck', 'sleevless', 1, 'solid']
2018-04-13 17:12:56,784 - FPGrowth - INFO - Transaction id: 441 , Ordered Items : [0, 1]
2018-04-13 17:12:56,784 - FPGrowth - INFO - Transaction id: 442 , Ordered Items : [0, 'natural', 'average', 'casual', 'sleevless', 'solid']
2018-04-13 17:12:56,785 - FPGrowth - INFO - Transaction id: 443 , Ordered Items : [0, 'natural', 'o-neck', 'average', 'solid']
2018-04-13 17:12:56,785 - FPGrowth - INFO - Transaction id: 444 , Ordered Items : ['natural', 'sleevless', 1]
2018-04-13 17:12:56,785 - FPGrowth - INFO - Transaction id: 445 , Ordered Items : [0, 'natural', 'o-neck', 'sleevless', 'solid']
2018-04-13 17:12:56,785 - FPGrowth - INFO - Transaction id: 446 , Ordered Items : [0, 'natural', 'sleevless']
2018-04-13 17:12:56,786 - FPGrowth - INFO - Transaction id: 447 , Ordered Items : [0, 'average', 'casual']
2018-04-13 17:12:56,786 - FPGrowth - INFO - Transaction id: 448 , Ordered Items : ['sleevless', 1]
2018-04-13 17:12:56,786 - FPGrowth - INFO - Transaction id: 449 , Ordered Items : [0, 'natural', 'o-neck', 'average']
2018-04-13 17:12:56,787 - FPGrowth - INFO - Transaction id: 450 , Ordered Items : ['o-neck', 'casual', 1]
2018-04-13 17:12:56,787 - FPGrowth - INFO - Transaction id: 451 , Ordered Items : [0, 'natural', 'o-neck', 'casual', 'sleevless', 'solid']
2018-04-13 17:12:56,787 - FPGrowth - INFO - Transaction id: 452 , Ordered Items : [0, 'natural', 'average', 'casual', 'sleevless', 'solid']
2018-04-13 17:12:56,788 - FPGrowth - INFO - Transaction id: 453 , Ordered Items : ['natural', 'average', 'sleevless', 1, 'solid']
2018-04-13 17:12:56,788 - FPGrowth - INFO - Transaction id: 454 , Ordered Items : [0, 'natural', 'o-neck', 'average', 'casual', 'solid']
2018-04-13 17:12:56,789 - FPGrowth - INFO - Transaction id: 455 , Ordered Items : [0, 'o-neck', 'average', 'sleevless', 1, 'solid']
2018-04-13 17:12:56,789 - FPGrowth - INFO - Transaction id: 456 , Ordered Items : [0, 'sleevless', 1]
2018-04-13 17:12:56,789 - FPGrowth - INFO - Transaction id: 457 , Ordered Items : [0, 'natural', 'casual']
2018-04-13 17:12:56,790 - FPGrowth - INFO - Transaction id: 458 , Ordered Items : ['natural', 'o-neck', 'average', 1, 'solid']
2018-04-13 17:12:56,790 - FPGrowth - INFO - Transaction id: 459 , Ordered Items : [0, 'natural', 'o-neck', 'average']
2018-04-13 17:12:56,806 - FPGrowth - INFO - Transaction id: 460 , Ordered Items : [0, 'natural', 'casual', 'sleevless', 'solid']
2018-04-13 17:12:56,806 - FPGrowth - INFO - Transaction id: 461 , Ordered Items : [0, 'natural', 'o-neck', 'average', 'casual', 'solid']
2018-04-13 17:12:56,807 - FPGrowth - INFO - Transaction id: 462 , Ordered Items : ['natural', 'average', 'casual', 1]
2018-04-13 17:12:56,808 - FPGrowth - INFO - Transaction id: 463 , Ordered Items : ['natural', 'o-neck', 'average', 'casual', 1, 'solid']
2018-04-13 17:12:56,808 - FPGrowth - INFO - Transaction id: 464 , Ordered Items : [0]
2018-04-13 17:12:56,808 - FPGrowth - INFO - Transaction id: 465 , Ordered Items : ['o-neck', 'average', 1]
2018-04-13 17:12:56,808 - FPGrowth - INFO - Transaction id: 466 , Ordered Items : [0, 'o-neck', 'average', 'casual']
2018-04-13 17:12:56,809 - FPGrowth - INFO - Transaction id: 467 , Ordered Items : [0, 'natural', 'o-neck', 'casual', 'sleevless', 'solid']
2018-04-13 17:12:56,809 - FPGrowth - INFO - Transaction id: 468 , Ordered Items : [0, 'natural', 'average', 'casual', 'solid']
2018-04-13 17:12:56,810 - FPGrowth - INFO - Transaction id: 469 , Ordered Items : [0, 'natural', 'o-neck', 'average', 'sleevless', 'solid']
2018-04-13 17:12:56,810 - FPGrowth - INFO - Transaction id: 470 , Ordered Items : [0, 'average', 'sleevless', 1]
2018-04-13 17:12:56,811 - FPGrowth - INFO - Transaction id: 471 , Ordered Items : [0, 'o-neck', 'casual', 'sleevless']
2018-04-13 17:12:56,812 - FPGrowth - INFO - Transaction id: 472 , Ordered Items : ['natural', 1, 'solid']
2018-04-13 17:12:56,813 - FPGrowth - INFO - Transaction id: 473 , Ordered Items : [0, 'natural', 'average', 'solid']
2018-04-13 17:12:56,814 - FPGrowth - INFO - Transaction id: 474 , Ordered Items : [0, 'natural', 'o-neck', 'average', 'casual', 'solid']
2018-04-13 17:12:56,816 - FPGrowth - INFO - Transaction id: 475 , Ordered Items : [0, 'sleevless', 'solid']
2018-04-13 17:12:56,817 - FPGrowth - INFO - Transaction id: 476 , Ordered Items : [0, 'casual', 'solid']
2018-04-13 17:12:56,818 - FPGrowth - INFO - Transaction id: 477 , Ordered Items : [0, 'natural', 'o-neck', 'sleevless', 'solid']
2018-04-13 17:12:56,819 - FPGrowth - INFO - Transaction id: 478 , Ordered Items : [0, 'natural', 'average', 'sleevless', 'solid']
2018-04-13 17:12:56,820 - FPGrowth - INFO - Transaction id: 479 , Ordered Items : [0, 'natural', 'sleevless', 1]
2018-04-13 17:12:56,820 - FPGrowth - INFO - Transaction id: 480 , Ordered Items : [0, 'natural', 'o-neck', 'casual', 'solid']
2018-04-13 17:12:56,820 - FPGrowth - INFO - Transaction id: 481 , Ordered Items : [0, 'natural', 'o-neck', 'average', 'casual', 'sleevless', 'solid']
2018-04-13 17:12:56,821 - FPGrowth - INFO - Transaction id: 482 , Ordered Items : ['natural', 'o-neck', 'average', 1, 'solid']
2018-04-13 17:12:56,821 - FPGrowth - INFO - Transaction id: 483 , Ordered Items : ['natural', 'average', 'casual', 1, 'solid']
2018-04-13 17:12:56,821 - FPGrowth - INFO - Transaction id: 484 , Ordered Items : ['natural', 'o-neck', 'casual', 1, 'solid']
2018-04-13 17:12:56,821 - FPGrowth - INFO - Transaction id: 485 , Ordered Items : ['o-neck', 'casual', 'sleevless', 1]
2018-04-13 17:12:56,822 - FPGrowth - INFO - Transaction id: 486 , Ordered Items : [0, 'natural', 'o-neck', 'average', 'casual', 'solid']
2018-04-13 17:12:56,822 - FPGrowth - INFO - Transaction id: 487 , Ordered Items : [0, 'natural', 'average', 'sleevless', 1, 'solid']
2018-04-13 17:12:56,822 - FPGrowth - INFO - Transaction id: 488 , Ordered Items : [0, 'o-neck', 'casual', 'solid']
2018-04-13 17:12:56,823 - FPGrowth - INFO - Transaction id: 489 , Ordered Items : [0, 'o-neck', 'average', 'sleevless', 1, 'solid']
2018-04-13 17:12:56,823 - FPGrowth - INFO - Transaction id: 490 , Ordered Items : [0, 'natural', 'casual', 'solid']
2018-04-13 17:12:56,824 - FPGrowth - INFO - Transaction id: 491 , Ordered Items : ['natural', 'o-neck', 'average', 'casual', 'sleevless', 1]
2018-04-13 17:12:56,824 - FPGrowth - INFO - Transaction id: 492 , Ordered Items : [0, 'natural', 'o-neck', 'average']
2018-04-13 17:12:56,824 - FPGrowth - INFO - Transaction id: 493 , Ordered Items : ['natural', 'o-neck', 'sleevless', 1, 'solid']
2018-04-13 17:12:56,825 - FPGrowth - INFO - Transaction id: 494 , Ordered Items : [0, 'natural', 'o-neck', 'average']
2018-04-13 17:12:56,825 - FPGrowth - INFO - Transaction id: 495 , Ordered Items : ['natural', 'o-neck', 'casual', 1, 'solid']
2018-04-13 17:12:56,825 - FPGrowth - INFO - Transaction id: 496 , Ordered Items : [0, 'o-neck']
2018-04-13 17:12:56,825 - FPGrowth - INFO - Transaction id: 497 , Ordered Items : ['average', 'casual', 1, 'solid']
2018-04-13 17:12:56,825 - FPGrowth - INFO - Transaction id: 498 , Ordered Items : ['average', 'casual', 'sleevless', 1]
2018-04-13 17:12:56,826 - FPGrowth - INFO - Transaction id: 499 , Ordered Items : [0, 'casual', 'solid']
2018-04-13 17:12:56,826 - FPGrowth - INFO - Supported item count in ordered set: {0: 338, 'sleevless': 223, 'natural': 304, 1: 212, 'solid': 203, 'average': 252, 'o-neck': 271, 'casual': 232}
2018-04-13 17:12:56,826 - FPGrowth - INFO - Header table for FP Tree : [[0, 411, None], ['natural', 304, None], ['o-neck', 271, None], ['average', 252, None], ['casual', 232, None], ['sleevless', 223, None], [1, 212, None], ['solid', 203, None]]
2018-04-13 17:12:56,832 - FPGrowth - INFO - Root node : NULL, count : 500, neighbour :(None), childrens :[<node.Node instance at 0x10cb06098>, <node.Node instance at 0x10cb062d8>, <node.Node instance at 0x10cb06710>, <node.Node instance at 0x10cb06b48>, <node.Node instance at 0x10cb06e18>, <node.Node instance at 0x10cb079e0>, <node.Node instance at 0x10cb0ab90>]
2018-04-13 17:12:56,832 - FPGrowth - INFO - Header table for FPTree
2018-04-13 17:12:56,832 - FPGrowth - INFO - [0, 411, <node.Node instance at 0x10cb06098>]
2018-04-13 17:12:56,832 - FPGrowth - INFO - ['natural', 304, <node.Node instance at 0x10cb061b8>]
2018-04-13 17:12:56,833 - FPGrowth - INFO - ['o-neck', 271, <node.Node instance at 0x10cb06050>]
2018-04-13 17:12:56,833 - FPGrowth - INFO - ['average', 252, <node.Node instance at 0x10cb06368>]
2018-04-13 17:12:56,833 - FPGrowth - INFO - ['casual', 232, <node.Node instance at 0x10cb06248>]
2018-04-13 17:12:56,833 - FPGrowth - INFO - ['sleevless', 223, <node.Node instance at 0x10cb06128>]
2018-04-13 17:12:56,833 - FPGrowth - INFO - [1, 212, <node.Node instance at 0x10cb06170>]
2018-04-13 17:12:56,833 - FPGrowth - INFO - ['solid', 203, <node.Node instance at 0x10cb064d0>]
2018-04-13 17:12:56,833 - FPGrowth - DEBUG - Generate conditional pattern base:
2018-04-13 17:12:56,834 - FPGrowth - DEBUG - ****************************
2018-04-13 17:12:56,834 - FPGrowth - DEBUG - Frequent pattern items:
2018-04-13 17:12:56,834 - FPGrowth - DEBUG - [ 0] : 338
2018-04-13 17:12:56,834 - FPGrowth - DEBUG - [ sleevless] : 223
2018-04-13 17:12:56,834 - FPGrowth - DEBUG - [ natural] : 212
2018-04-13 17:12:56,834 - FPGrowth - DEBUG - [0, 'natural'] : 212
2018-04-13 17:12:56,834 - FPGrowth - DEBUG - [ 1] : 212
2018-04-13 17:12:56,834 - FPGrowth - DEBUG - [ solid] : 203
2018-04-13 17:12:56,835 - FPGrowth - DEBUG - [ average] : 183
2018-04-13 17:12:56,835 - FPGrowth - DEBUG - [0, 'average'] : 183
2018-04-13 17:12:56,835 - FPGrowth - DEBUG - [ o-neck] : 182
2018-04-13 17:12:56,835 - FPGrowth - DEBUG - [0, 'o-neck'] : 185
2018-04-13 17:12:56,835 - FPGrowth - DEBUG - ['natural', 'o-neck'] : 182
2018-04-13 17:12:56,835 - FPGrowth - DEBUG - [0, 'natural', 'o-neck'] : 182
2018-04-13 17:12:56,835 - FPGrowth - DEBUG - [ casual] : 232
