2018-04-06 20:52:08,760 - FPGrowth - DEBUG -       40 1 2 140 289 0 0 172 0 0 -9 -9 -9 0
0      49 0 3 160 180 0 0 156 0 1 2 -9 -9 1
1      37 1 2 130 283 0 1 98 0 0 -9 -9 -9 0
2    48 0 4 138 214 0 0 108 1 1.5 2 -9 -9 3
3      54 1 3 150 -9 0 0 122 0 0 -9 -9 -9 0
4     39 1 3 120 339 0 0 170 0 0 -9 -9 -9 0
5     45 0 2 130 237 0 0 170 0 0 -9 -9 -9 0
6     54 1 2 110 208 0 0 142 0 0 -9 -9 -9 0
7    37 1 4 140 207 0 0 130 1 1.5 2 -9 -9 1
8     48 0 2 120 284 0 0 120 0 0 -9 -9 -9 0
9     37 0 3 130 211 0 0 142 0 0 -9 -9 -9 0
10      58 1 2 136 164 0 1 99 1 2 2 -9 -9 3
11    39 1 2 120 204 0 0 145 0 0 -9 -9 -9 0
12     49 1 4 140 234 0 0 140 1 1 2 -9 -9 3
13    42 0 3 115 211 0 1 137 0 0 -9 -9 -9 0
14   54 0 2 120 273 0 0 150 0 1.5 2 -9 -9 0
15    38 1 4 110 196 0 0 166 0 0 -9 -9 -9 1
16    43 0 2 120 201 0 0 165 0 0 -9 -9 -9 0
17     60 1 4 100 248 0 0 125 0 1 2 -9 -9 1
18     36 1 2 120 267 0 0 160 0 3 2 -9 -9 1
19    43 0 1 100 223 0 0 142 0 0 -9 -9 -9 0
20     44 1 2 120 184 0 0 142 0 1 2 -9 -9 0
21    49 0 2 124 201 0 0 164 0 0 -9 -9 -9 0
22     44 1 2 150 288 0 0 150 1 3 2 -9 -9 3
23    40 1 3 130 215 0 0 138 0 0 -9 -9 -9 0
24    36 1 3 130 209 0 0 178 0 0 -9 -9 -9 0
25     53 1 4 124 260 0 1 112 1 3 2 -9 -9 0
26    52 1 2 120 284 0 0 118 0 0 -9 -9 -9 0
27   53 0 2 113 468 -9 0 127 0 0 -9 -9 -9 0
28    51 1 2 125 188 0 0 145 0 0 -9 -9 -9 0
29    53 1 3 145 518 0 0 130 0 0 -9 -9 -9 3
..                                      ...
263    59 1 4 130 -9 0 0 125 0 0 -9 -9 -9 3
264    47 1 3 140 193 0 0 145 1 1 2 -9 -9 1
265   54 1 2 160 305 0 0 175 0 0 -9 -9 -9 0
266    52 1 4 130 298 0 0 110 1 1 2 -9 -9 3
267    34 1 2 98 220 0 0 150 0 0 -9 -9 -9 0
268     54 1 4 130 242 0 0 91 1 1 2 -9 -9 2
269     47 0 3 130 -9 0 0 145 0 2 2 -9 -9 0
270   45 1 4 120 225 0 0 140 0 0 -9 -9 -9 0
271   32 0 2 105 198 0 0 165 0 0 -9 -9 -9 0
272    55 1 4 140 201 0 0 130 1 3 2 -9 -9 1
273   55 1 3 120 220 0 2 134 0 0 -9 -9 -9 0
274    45 0 2 180 -9 0 0 180 0 0 -9 -9 -9 0
275   59 1 3 180 213 0 0 100 0 0 -9 -9 -9 0
276    51 1 3 135 160 0 0 150 0 2 2 -9 -9 3
277   52 1 4 170 -9 0 0 126 1 1.5 2 -9 -9 2
278  57 0 4 180 347 0 1 126 1 0.8 2 -9 -9 0
279   54 0 2 130 253 0 1 155 0 0 -9 -9 -9 0
280   60 1 3 120 246 0 2 135 0 0 -9 -9 -9 0
281    49 1 4 150 222 0 0 122 0 2 2 -9 -9 4
282    51 0 3 130 220 0 0 160 1 2 1 -9 -9 0
283   55 0 2 110 344 0 1 160 0 0 -9 -9 -9 0
284   42 1 4 140 358 0 0 170 0 0 -9 -9 -9 0
285   51 0 3 110 190 0 0 120 0 0 -9 -9 -9 0
286     59 1 4 140 -9 0 0 140 0 0 -9 0 -9 0
287    53 1 2 120 -9 0 0 132 0 0 -9 -9 -9 0
288     48 0 2 -9 308 0 1 -9 -9 2 1 -9 -9 0
289   36 1 2 120 166 0 0 180 0 0 -9 -9 -9 0
290    48 1 3 110 211 0 0 138 0 0 -9 -9 6 0
291    47 0 2 140 257 0 0 135 0 1 1 -9 -9 0
292   53 1 4 130 182 0 0 148 0 0 -9 -9 -9 0

[293 rows x 1 columns]
2018-04-06 20:52:08,777 - FPGrowth - DEBUG - shape :  (293, 1)
