2018-04-12 18:04:30,569 - FPGrowth - DEBUG - __init__(self = <fpgrowth.FPGrowth instance at 0x1079bdea8>  input_file = Dress_AttributeDataSet.csv ,  min_sup = 4
2018-04-12 18:04:30,574 - FPGrowth - DEBUG - shape :  (10, 15)
2018-04-12 18:04:30,574 - FPGrowth - DEBUG - frequent_itemset(self = <fpgrowth.FPGrowth instance at 0x1079bdea8> )
2018-04-12 18:04:30,574 - FPGrowth - INFO - Generate items freq table.
2018-04-12 18:04:30,584 - FPGrowth - INFO - Items with frequency more than min_sup : 4.
2018-04-12 18:04:30,584 - FPGrowth - INFO - {'summer': 6, 'natural': 6, 'low': 5, 'o-neck': 7}
2018-04-12 18:04:30,584 - FPGrowth - INFO - Ordered item set : 
2018-04-12 18:04:30,584 - FPGrowth - INFO - [('o-neck', 7), ('natural', 6), ('summer', 6), ('low', 5)]
2018-04-12 18:04:30,584 - FPGrowth - INFO - Items :
2018-04-12 18:04:30,585 - FPGrowth - INFO - ['o-neck', 'natural', 'summer', 'low']
2018-04-12 18:04:30,585 - FPGrowth - DEBUG - extract_ordered_items(self = <fpgrowth.FPGrowth instance at 0x1079bdea8> , df = (10, 15) ,  support_list = ['o-neck', 'natural', 'summer', 'low'])
2018-04-12 18:04:30,591 - FPGrowth - INFO - Transaction id: 0 , Ordered Items : ['o-neck', 'summer', 'low']
2018-04-12 18:04:30,591 - FPGrowth - INFO - Transaction id: 1 , Ordered Items : ['o-neck', 'natural', 'summer', 'low']
2018-04-12 18:04:30,592 - FPGrowth - INFO - Transaction id: 2 , Ordered Items : ['o-neck', 'natural']
2018-04-12 18:04:30,592 - FPGrowth - INFO - Transaction id: 3 , Ordered Items : ['o-neck', 'natural']
2018-04-12 18:04:30,592 - FPGrowth - INFO - Transaction id: 4 , Ordered Items : ['o-neck', 'natural', 'summer', 'low']
2018-04-12 18:04:30,593 - FPGrowth - INFO - Transaction id: 5 , Ordered Items : ['summer', 'low']
2018-04-12 18:04:30,593 - FPGrowth - INFO - Transaction id: 6 , Ordered Items : ['o-neck', 'summer']
2018-04-12 18:04:30,593 - FPGrowth - INFO - Transaction id: 7 , Ordered Items : ['o-neck', 'natural']
2018-04-12 18:04:30,594 - FPGrowth - INFO - Transaction id: 8 , Ordered Items : []
2018-04-12 18:04:30,595 - FPGrowth - INFO - Transaction id: 9 , Ordered Items : ['natural', 'summer', 'low']
2018-04-12 18:04:30,595 - FPGrowth - INFO - Transaction vs Ordered Items set
2018-04-12 18:04:30,595 - FPGrowth - INFO - {0: ['o-neck', 'summer', 'low'], 1: ['o-neck', 'natural', 'summer', 'low'], 2: ['o-neck', 'natural'], 3: ['o-neck', 'natural'], 4: ['o-neck', 'natural', 'summer', 'low'], 5: ['summer', 'low'], 6: ['o-neck', 'summer'], 7: ['o-neck', 'natural'], 8: [], 9: ['natural', 'summer', 'low']}
2018-04-12 18:04:30,595 - FPGrowth - INFO - Supported item count in ordered set: {'summer': 6, 'natural': 6, 'low': 5, 'o-neck': 7}
2018-04-12 18:04:30,595 - FPGrowth - INFO - Header table for FP Tree : [['o-neck', 7, None], ['natural', 6, None], ['summer', 6, None], ['low', 5, None]]
2018-04-12 18:04:30,595 - FPGrowth - DEBUG - make_fp_tree(self = <fpgrowth.FPGrowth instance at 0x1079bdea8>,
 header_table = [['o-neck', 7, None], ['natural', 6, None], ['summer', 6, None], ['low', 5, None]],
 ordered_set = {0: ['o-neck', 'summer', 'low'], 1: ['o-neck', 'natural', 'summer', 'low'], 2: ['o-neck', 'natural'], 3: ['o-neck', 'natural'], 4: ['o-neck', 'natural', 'summer', 'low'], 5: ['summer', 'low'], 6: ['o-neck', 'summer'], 7: ['o-neck', 'natural'], 8: [], 9: ['natural', 'summer', 'low']})
2018-04-12 18:04:30,595 - FPGrowth - DEBUG - link_header_table(self = <fpgrowth.FPGrowth instance at 0x1079bdea8> , header_table = [['o-neck', 7, None], ['natural', 6, None], ['summer', 6, None], ['low', 5, None]], node = o-neck, count : 1, neighbour :None, childrens :[])
2018-04-12 18:04:30,595 - FPGrowth - DEBUG - link_header_table(self = <fpgrowth.FPGrowth instance at 0x1079bdea8> , header_table = [['o-neck', 7, <node.Node instance at 0x1079c7950>], ['natural', 6, None], ['summer', 6, None], ['low', 5, None]], node = summer, count : 1, neighbour :None, childrens :[])
2018-04-12 18:04:30,596 - FPGrowth - DEBUG - link_header_table(self = <fpgrowth.FPGrowth instance at 0x1079bdea8> , header_table = [['o-neck', 7, <node.Node instance at 0x1079c7950>], ['natural', 6, None], ['summer', 6, <node.Node instance at 0x1079c7d40>], ['low', 5, None]], node = low, count : 1, neighbour :None, childrens :[])
2018-04-12 18:04:30,596 - FPGrowth - DEBUG - link_header_table(self = <fpgrowth.FPGrowth instance at 0x1079bdea8> , header_table = [['o-neck', 7, <node.Node instance at 0x1079c7950>], ['natural', 6, None], ['summer', 6, <node.Node instance at 0x1079c7d40>], ['low', 5, <node.Node instance at 0x1079c7dd0>]], node = natural, count : 1, neighbour :None, childrens :[])
2018-04-12 18:04:30,596 - FPGrowth - DEBUG - link_header_table(self = <fpgrowth.FPGrowth instance at 0x1079bdea8> , header_table = [['o-neck', 7, <node.Node instance at 0x1079c7950>], ['natural', 6, <node.Node instance at 0x1079c7e60>], ['summer', 6, <node.Node instance at 0x1079c7d40>], ['low', 5, <node.Node instance at 0x1079c7dd0>]], node = summer, count : 1, neighbour :None, childrens :[])
2018-04-12 18:04:30,596 - FPGrowth - DEBUG - link_header_table(self = <fpgrowth.FPGrowth instance at 0x1079bdea8> , header_table = [['o-neck', 7, <node.Node instance at 0x1079c7950>], ['natural', 6, <node.Node instance at 0x1079c7e60>], ['summer', 6, <node.Node instance at 0x1079c7d40>], ['low', 5, <node.Node instance at 0x1079c7dd0>]], node = low, count : 1, neighbour :None, childrens :[])
2018-04-12 18:04:30,596 - FPGrowth - DEBUG - link_header_table(self = <fpgrowth.FPGrowth instance at 0x1079bdea8> , header_table = [['o-neck', 7, <node.Node instance at 0x1079c7950>], ['natural', 6, <node.Node instance at 0x1079c7e60>], ['summer', 6, <node.Node instance at 0x1079c7d40>], ['low', 5, <node.Node instance at 0x1079c7dd0>]], node = summer, count : 1, neighbour :None, childrens :[])
2018-04-12 18:04:30,596 - FPGrowth - DEBUG - link_header_table(self = <fpgrowth.FPGrowth instance at 0x1079bdea8> , header_table = [['o-neck', 7, <node.Node instance at 0x1079c7950>], ['natural', 6, <node.Node instance at 0x1079c7e60>], ['summer', 6, <node.Node instance at 0x1079c7d40>], ['low', 5, <node.Node instance at 0x1079c7dd0>]], node = low, count : 1, neighbour :None, childrens :[])
2018-04-12 18:04:30,597 - FPGrowth - DEBUG - link_header_table(self = <fpgrowth.FPGrowth instance at 0x1079bdea8> , header_table = [['o-neck', 7, <node.Node instance at 0x1079c7950>], ['natural', 6, <node.Node instance at 0x1079c7e60>], ['summer', 6, <node.Node instance at 0x1079c7d40>], ['low', 5, <node.Node instance at 0x1079c7dd0>]], node = natural, count : 1, neighbour :None, childrens :[])
2018-04-12 18:04:30,597 - FPGrowth - DEBUG - link_header_table(self = <fpgrowth.FPGrowth instance at 0x1079bdea8> , header_table = [['o-neck', 7, <node.Node instance at 0x1079c7950>], ['natural', 6, <node.Node instance at 0x1079c7e60>], ['summer', 6, <node.Node instance at 0x1079c7d40>], ['low', 5, <node.Node instance at 0x1079c7dd0>]], node = summer, count : 1, neighbour :None, childrens :[])
2018-04-12 18:04:30,597 - FPGrowth - DEBUG - link_header_table(self = <fpgrowth.FPGrowth instance at 0x1079bdea8> , header_table = [['o-neck', 7, <node.Node instance at 0x1079c7950>], ['natural', 6, <node.Node instance at 0x1079c7e60>], ['summer', 6, <node.Node instance at 0x1079c7d40>], ['low', 5, <node.Node instance at 0x1079c7dd0>]], node = low, count : 1, neighbour :None, childrens :[])
2018-04-12 18:04:30,597 - FPGrowth - INFO - Root node : NULL, count : 10, neighbour :None, childrens :[<node.Node instance at 0x1079c7950>, <node.Node instance at 0x1079e5050>, <node.Node instance at 0x1079e5170>]
2018-04-12 18:04:30,597 - FPGrowth - INFO - Child node : o-neck, count : 8, neighbour :None, childrens :[<node.Node instance at 0x1079c7d40>, <node.Node instance at 0x1079c7e60>]
2018-04-12 18:04:30,597 - FPGrowth - INFO - Child node : summer, count : 2, neighbour :summer, count : 2, neighbour :None, childrens :[<node.Node instance at 0x1079e5290>], childrens :[<node.Node instance at 0x1079e50e0>]
2018-04-12 18:04:30,597 - FPGrowth - INFO - Child node : natural, count : 2, neighbour :None, childrens :[<node.Node instance at 0x1079e5200>]
