2018-04-11 21:03:54,871 - FPGrowth - DEBUG -        Dress_ID     Style    Price  Rating  Size  Season         NeckLine  \
0    1006032852      Sexy      Low     4.6     M  Summer           o-neck   
1    1212192089    Casual      Low     0.0     L  Summer           o-neck   
2    1190380701   vintage     High     0.0     L  Automn           o-neck   
3     966005983     Brief  Average     4.6     L  Spring           o-neck   
4     876339541      cute      Low     4.5     M  Summer           o-neck   
5    1068332458  bohemian      Low     0.0     M  Summer           v-neck   
6    1220707172    Casual  Average     0.0    XL  Summer           o-neck   
7    1219677488   Novelty  Average     0.0  free  Automn           o-neck   
8    1113094204     Flare  Average     0.0  free  Spring           v-neck   
9     985292672  bohemian      Low     0.0  free  Summer           v-neck   
10   1117293701     party  Average     5.0  free  Summer           o-neck   
11    898481530     Flare  Average     0.0  free  Spring           v-neck   
12    957723897      sexy      Low     4.7     M  Winter           o-neck   
13    749031896   vintage  Average     4.8     M  Summer           o-neck   
14   1055411544    Casual      Low     5.0     M  Summer        boat-neck   
15   1162628131    Casual      Low     0.0  free  Winter        boat-neck   
16    624314841      cute  Average     4.7     L  spring           o-neck   
17    830467746  bohemian   Medium     5.0  free  Automn           o-neck   
18    840857118     Brief  Average     0.0     M  Winter  peterpan-collor   
19   1113221101      Sexy  Average     5.0     M  Automn           o-neck   
20    861754372      Sexy  Average     4.5     L  Automn           o-neck   
21    856178100    Casual      Low     4.3     M  Summer           o-neck   
22   1122989777     Brief      Low     4.0    XL  Summer           v-neck   
23    840516484      Sexy  Average     4.7     S  Summer           v-neck   
24    768517084      Sexy  Average     0.0  free  Automn           v-neck   
25   1139843344      Sexy  Average     0.0     M  Automn           o-neck   
26   1004212992      Sexy  Average     4.7     M  Spring           o-neck   
27   1235426503    Casual      Low     0.0     L  Summer           o-neck   
28    942808364      cute      Low     4.3  free  Automn           o-neck   
29    629131530      cute      Low     4.7     M  Spring          ruffled   
..          ...       ...      ...     ...   ...     ...              ...   
470  1124754999      Sexy  Average     0.0     S  Summer           v-neck   
471   832949213    Casual      Low     4.4  free  Summer           o-neck   
472   801216472      cute     high     4.3     M  Spring        boat-neck   
473   929898500      work  Average     4.8     M  winter   turndowncollor   
474   850490510    Casual  Average     4.6     M  Spring           o-neck   
475  1099394392      Sexy      Low     0.0  free  Summer           v-neck   
476   674885710    Casual     high     4.9    XL  winter           v-neck   
477  1122991519      Sexy      Low     0.0  free  winter           o-neck   
478   904781800      cute  Average     5.0     M  Autumn           v-neck   
479   974438263      cute      Low     0.0  free  Spring           v-neck   
480   875608094    Casual      Low     4.4  free  Summer           o-neck   
481  1061890181    Casual  Average     0.0     L  Spring           o-neck   
482  1033144189      cute  Average     4.7     M  Spring           o-neck   
483   860406062    Casual  Average     4.6     M  winter           v-neck   
484   692445545    Casual      Low     4.4  free  Summer           o-neck   
485   974775647    Casual      Low     5.0     M  Automn           o-neck   
486  1109819647    Casual  Average     0.0  free  winter           o-neck   
487  1223469038      Sexy  Average     0.0  free  winter       slash-neck   
488   511503677    Casual      Low     4.4     M  Summer           o-neck   
489  1190558632      cute  Average     0.0     L  Summer           o-neck   
490   641665398    Casual      Low     4.8  free  winter          bowneck   
491   964917582    Casual  Average     5.0     L  Summer           o-neck   
492   859922576      cute  Average     4.6     M  Spring           o-neck   
493   817353671  bohemian      Low     4.6  free  Summer           o-neck   
494   990559192     Brief  Average     4.7     M  winter           o-neck   
495   713391965    Casual      Low     4.7     M  Spring           o-neck   
496   722565148      Sexy      Low     4.3  free  Summer           o-neck   
497   532874347    Casual  Average     4.7     M  Summer           v-neck   
498   655464934    Casual  Average     4.6     L  winter        boat-neck   
499   919930954    Casual      Low     4.4  free  Summer           v-neck   

     SleeveLength waiseline       Material  FabricType  Decoration  \
0       sleevless    empire           null     chiffon     ruffles   
1           Petal   natural     microfiber        null     ruffles   
2            full   natural       polyster        null        null   
3            full   natural           silk     chiffon  embroidary   
4       butterfly   natural  chiffonfabric     chiffon         bow   
5       sleevless    empire           null        null        null   
6            full      null         cotton        null        null   
7           short   natural       polyster  broadcloth        lace   
8           short    empire         cotton  broadcloth     beading   
9       sleevless   natural          nylon     chiffon        null   
10           full   natural       polyster  broadcloth        lace   
11          short      null          nylon        null        null   
12   threequarter      null           null     chiffon        lace   
13          short    empire         cotton      jersey        null   
14          short      null         cotton        null      sashes   
15           full      null          other       other        lace   
16          short      null         cotton        null      sashes   
17           full   natural           null        null   hollowout   
18   threequarter   natural         cotton        null        null   
19      sleevless    empire       milksilk        null        null   
20           full      null         cotton        null     beading   
21      sleevless   natural           null     chiffon        null   
22          short   natural         cotton        null     pockets   
23      sleevless    empire         cotton        null    sequined   
24      sleevless   natural       polyster        null        lace   
25      sleevless    empire         cotton  broadcloth        null   
26      sleevless   natural           null        null        null   
27      sleevless   natural         cotton      jersey        null   
28      sleevless   natural       polyster     chiffon      sashes   
29          short    empire  chiffonfabric     chiffon         bow   
..            ...       ...            ...         ...         ...   
470     sleevless      null           null        null        null   
471     sleevless      null           null        null        null   
472          full   natural       polyster       terry        lace   
473          full   natural           null        null        null   
474    halfsleeve   natural       polyster        null        lace   
475     sleevless    empire         cotton        null        null   
476          full    empire         cotton        null    sequined   
477     sleevless   natural          lycra     chiffon   hollowout   
478     sleevless   natural         cotton        null        null   
479     sleevless   natural           silk     worsted        lace   
480          full   natural         cotton        null     pockets   
481     sleevless   natural  chiffonfabric     chiffon    sequined   
482          full   natural          rayon     chiffon     beading   
483    halfsleeve   natural           silk     chiffon      sashes   
484          full   natural         cotton        null        null   
485     sleevless    empire           null     chiffon        null   
486         short   natural       polyster     chiffon   cascading   
487     sleevless   natural         cotton  broadcloth    sequined   
488    halfsleeve    empire  chiffonfabric     chiffon         bow   
489     sleevless    empire         cotton        null        lace   
490          full   natural       polyster     chiffon         bow   
491     sleevless   natural         cotton        null        null   
492    halfsleeve   natural        acrylic     chiffon        null   
493     sleevless   natural         cotton     chiffon        none   
494    halfsleeve   natural        acrylic     chiffon        null   
495          full   natural       polyster        null        null   
496          full    empire         cotton        null        null   
497          full    empire         cotton        null        lace   
498     sleevless    empire           silk  broadcloth    applique   
499         short    empire         cotton    Corduroy        lace   

    Pattern Type  Recommendation  
0         animal               1  
1         animal               0  
2          print               0  
3          print               1  
4            dot               0  
5          print               0  
6          solid               0  
7           null               0  
8          solid               1  
9           null               1  
10         solid               0  
11        animal               0  
12         print               1  
13        animal               1  
14         solid               0  
15          null               0  
16         solid               1  
17     patchwork               1  
18     patchwork               0  
19          null               1  
20         solid               0  
21         solid               0  
22         solid               0  
23         solid               1  
24     patchwork               0  
25         print               0  
26         solid               1  
27         print               0  
28       striped               0  
29           dot               1  
..           ...             ...  
470         null               1  
471       animal               0  
472        solid               1  
473        solid               0  
474        solid               0  
475        solid               0  
476        solid               0  
477        solid               0  
478        solid               0  
479    patchwork               1  
480        solid               0  
481        solid               0  
482        solid               1  
483        solid               1  
484        solid               1  
485        print               1  
486        solid               0  
487        solid               1  
488        solid               0  
489        solid               1  
490        solid               0  
491         null               1  
492         null               0  
493        solid               1  
494      striped               0  
495        solid               1  
496         null               0  
497        solid               1  
498        print               1  
499        solid               0  

[500 rows x 14 columns]
2018-04-11 21:03:54,944 - FPGrowth - DEBUG - shape :  (500, 14)
