2018-04-12 15:31:07,110 - FPGrowth - DEBUG - __init__(self = <fpgrowth.FPGrowth instance at 0x10b9937a0>  input_file = Dress_AttributeDataSet.csv ,  min_sup = 4
2018-04-12 15:31:07,114 - FPGrowth - DEBUG - shape :  (10, 15)
2018-04-12 15:31:07,114 - FPGrowth - DEBUG - frequent_itemset(self = <fpgrowth.FPGrowth instance at 0x10b9937a0> )
2018-04-12 15:31:07,114 - FPGrowth - INFO - Generate items freq table.
2018-04-12 15:31:07,124 - FPGrowth - INFO - Items with frequency more than min_sup : 4.
2018-04-12 15:31:07,124 - FPGrowth - INFO - {'summer': 6, 'natural': 6, 'low': 5, 'o-neck': 7}
2018-04-12 15:31:07,124 - FPGrowth - INFO - Ordered item set : 
2018-04-12 15:31:07,124 - FPGrowth - INFO - None
2018-04-12 15:31:07,124 - FPGrowth - INFO - Items :
2018-04-12 15:31:07,124 - FPGrowth - INFO - ['o-neck', 'natural', 'summer', 'low']
2018-04-12 15:31:07,124 - FPGrowth - DEBUG - extract_ordered_items(self = <fpgrowth.FPGrowth instance at 0x10b9937a0> , df = (10, 15) ,  support_list = ['o-neck', 'natural', 'summer', 'low'])
2018-04-12 15:31:07,125 - FPGrowth - INFO - Transaction id: 0 , Ordered Items : ['o-neck', 'summer', 'low']
2018-04-12 15:31:07,125 - FPGrowth - INFO - Transaction id: 1 , Ordered Items : ['o-neck', 'natural', 'summer', 'low']
2018-04-12 15:31:07,125 - FPGrowth - INFO - Transaction id: 2 , Ordered Items : ['o-neck', 'natural']
2018-04-12 15:31:07,126 - FPGrowth - INFO - Transaction id: 3 , Ordered Items : ['o-neck', 'natural']
2018-04-12 15:31:07,126 - FPGrowth - INFO - Transaction id: 4 , Ordered Items : ['o-neck', 'natural', 'summer', 'low']
2018-04-12 15:31:07,126 - FPGrowth - INFO - Transaction id: 5 , Ordered Items : ['summer', 'low']
2018-04-12 15:31:07,126 - FPGrowth - INFO - Transaction id: 6 , Ordered Items : ['o-neck', 'summer']
2018-04-12 15:31:07,126 - FPGrowth - INFO - Transaction id: 7 , Ordered Items : ['o-neck', 'natural']
2018-04-12 15:31:07,127 - FPGrowth - INFO - Transaction id: 8 , Ordered Items : []
2018-04-12 15:31:07,127 - FPGrowth - INFO - Transaction id: 9 , Ordered Items : ['natural', 'summer', 'low']
2018-04-12 15:31:07,127 - FPGrowth - INFO - Transaction vs Ordered Items set
2018-04-12 15:31:07,127 - FPGrowth - INFO - {0: ['o-neck', 'summer', 'low'], 1: ['o-neck', 'natural', 'summer', 'low'], 2: ['o-neck', 'natural'], 3: ['o-neck', 'natural'], 4: ['o-neck', 'natural', 'summer', 'low'], 5: ['summer', 'low'], 6: ['o-neck', 'summer'], 7: ['o-neck', 'natural'], 8: [], 9: ['natural', 'summer', 'low']}
2018-04-12 15:31:07,127 - FPGrowth - INFO - Supported item count in ordered set:
2018-04-12 15:31:07,127 - FPGrowth - INFO - {'summer': 6, 'natural': 6, 'low': 5, 'o-neck': 7}
