2018-04-12 17:03:08,134 - FPGrowth - DEBUG - __init__(self = <fpgrowth.FPGrowth instance at 0x1063cfb48>  input_file = Dress_AttributeDataSet.csv ,  min_sup = 4
2018-04-12 17:03:08,138 - FPGrowth - DEBUG - shape :  (10, 15)
2018-04-12 17:03:08,138 - FPGrowth - DEBUG - frequent_itemset(self = <fpgrowth.FPGrowth instance at 0x1063cfb48> )
2018-04-12 17:03:08,138 - FPGrowth - INFO - Generate items freq table.
2018-04-12 17:03:08,148 - FPGrowth - INFO - Items with frequency more than min_sup : 4.
2018-04-12 17:03:08,148 - FPGrowth - INFO - {'summer': 6, 'natural': 6, 'low': 5, 'o-neck': 7}
2018-04-12 17:03:08,148 - FPGrowth - INFO - Ordered item set : 
2018-04-12 17:03:08,148 - FPGrowth - INFO - [('o-neck', 7), ('natural', 6), ('summer', 6), ('low', 5)]
2018-04-12 17:03:08,148 - FPGrowth - INFO - Items :
2018-04-12 17:03:08,148 - FPGrowth - INFO - ['o-neck', 'natural', 'summer', 'low']
2018-04-12 17:03:08,148 - FPGrowth - DEBUG - extract_ordered_items(self = <fpgrowth.FPGrowth instance at 0x1063cfb48> , df = (10, 15) ,  support_list = ['o-neck', 'natural', 'summer', 'low'])
2018-04-12 17:03:08,149 - FPGrowth - INFO - Transaction id: 0 , Ordered Items : ['o-neck', 'summer', 'low']
2018-04-12 17:03:08,149 - FPGrowth - INFO - Transaction id: 1 , Ordered Items : ['o-neck', 'natural', 'summer', 'low']
2018-04-12 17:03:08,149 - FPGrowth - INFO - Transaction id: 2 , Ordered Items : ['o-neck', 'natural']
2018-04-12 17:03:08,149 - FPGrowth - INFO - Transaction id: 3 , Ordered Items : ['o-neck', 'natural']
2018-04-12 17:03:08,149 - FPGrowth - INFO - Transaction id: 4 , Ordered Items : ['o-neck', 'natural', 'summer', 'low']
2018-04-12 17:03:08,150 - FPGrowth - INFO - Transaction id: 5 , Ordered Items : ['summer', 'low']
2018-04-12 17:03:08,150 - FPGrowth - INFO - Transaction id: 6 , Ordered Items : ['o-neck', 'summer']
2018-04-12 17:03:08,150 - FPGrowth - INFO - Transaction id: 7 , Ordered Items : ['o-neck', 'natural']
2018-04-12 17:03:08,150 - FPGrowth - INFO - Transaction id: 8 , Ordered Items : []
2018-04-12 17:03:08,150 - FPGrowth - INFO - Transaction id: 9 , Ordered Items : ['natural', 'summer', 'low']
2018-04-12 17:03:08,150 - FPGrowth - INFO - Transaction vs Ordered Items set
2018-04-12 17:03:08,150 - FPGrowth - INFO - {0: ['o-neck', 'summer', 'low'], 1: ['o-neck', 'natural', 'summer', 'low'], 2: ['o-neck', 'natural'], 3: ['o-neck', 'natural'], 4: ['o-neck', 'natural', 'summer', 'low'], 5: ['summer', 'low'], 6: ['o-neck', 'summer'], 7: ['o-neck', 'natural'], 8: [], 9: ['natural', 'summer', 'low']}
2018-04-12 17:03:08,150 - FPGrowth - INFO - Supported item count in ordered set: {'summer': 6, 'natural': 6, 'low': 5, 'o-neck': 7}
2018-04-12 17:03:08,151 - FPGrowth - INFO - Header table for FP Tree : [['o-neck', 7, None], ['natural', 6, None], ['summer', 6, None], ['low', 5, None]]
2018-04-12 17:03:08,151 - FPGrowth - DEBUG - make_fp_tree(self = <fpgrowth.FPGrowth instance at 0x1063cfb48>,
 header_table = [['o-neck', 7, None], ['natural', 6, None], ['summer', 6, None], ['low', 5, None]],
 ordered_set = {0: ['o-neck', 'summer', 'low'], 1: ['o-neck', 'natural', 'summer', 'low'], 2: ['o-neck', 'natural'], 3: ['o-neck', 'natural'], 4: ['o-neck', 'natural', 'summer', 'low'], 5: ['summer', 'low'], 6: ['o-neck', 'summer'], 7: ['o-neck', 'natural'], 8: [], 9: ['natural', 'summer', 'low']})
2018-04-12 17:03:08,151 - FPGrowth - INFO - 0
2018-04-12 17:03:08,151 - FPGrowth - INFO - 1
2018-04-12 17:03:08,151 - FPGrowth - INFO - 2
2018-04-12 17:03:08,151 - FPGrowth - INFO - 3
2018-04-12 17:03:08,151 - FPGrowth - INFO - 4
2018-04-12 17:03:08,151 - FPGrowth - INFO - 5
2018-04-12 17:03:08,151 - FPGrowth - INFO - 6
2018-04-12 17:03:08,151 - FPGrowth - INFO - 7
2018-04-12 17:03:08,151 - FPGrowth - INFO - 8
2018-04-12 17:03:08,151 - FPGrowth - INFO - 9
2018-04-12 17:03:08,151 - FPGrowth - INFO - Root node : None
